TpTrace Verbose: 0 : 3900, 1, 2021/12/16, 17:05:09.358, 4468858702145, vstest.console.dll, Version: 16.11.0
TpTrace Information: 0 : 3900, 1, 2021/12/16, 17:05:09.376, 4468858824511, vstest.console.dll, FilePatternParser: The given file C:\Users\Paul\Desktop\.NET\Labs\Dictionary\Dictionary.Tests\bin\Debug\net5.0\fine-code-coverage\build-output\Dictionary.Tests.dll is a full path.
TpTrace Verbose: 0 : 3900, 1, 2021/12/16, 17:05:09.388, 4468858944777, vstest.console.dll, TestPluginCache.DiscoverTestExtensions: finding test extensions in assemblies ends with: RuntimeProvider.dll TPluginInfo: Microsoft.VisualStudio.TestPlatform.Common.ExtensionFramework.Utilities.TestRuntimePluginInformation TExtension: Microsoft.VisualStudio.TestPlatform.ObjectModel.Host.ITestRuntimeProvider
TpTrace Verbose: 0 : 3900, 1, 2021/12/16, 17:05:09.388, 4468858950386, vstest.console.dll, TestPluginCache.GetExtensionPaths: Filtered extension paths: 
TpTrace Verbose: 0 : 3900, 1, 2021/12/16, 17:05:09.389, 4468858951773, vstest.console.dll, TestPluginCache.GetExtensionPaths: Added default extension paths: C:\Program Files\dotnet\sdk\5.0.403\Extensions\Microsoft.Diagnostics.NETCore.Client.dll
C:\Program Files\dotnet\sdk\5.0.403\Extensions\Microsoft.TestPlatform.Extensions.BlameDataCollector.dll
C:\Program Files\dotnet\sdk\5.0.403\Extensions\Microsoft.TestPlatform.Extensions.EventLogCollector.dll
C:\Program Files\dotnet\sdk\5.0.403\Extensions\Microsoft.TestPlatform.TestHostRuntimeProvider.dll
C:\Program Files\dotnet\sdk\5.0.403\Extensions\Microsoft.VisualStudio.TestPlatform.Extensions.Html.TestLogger.dll
C:\Program Files\dotnet\sdk\5.0.403\Extensions\Microsoft.VisualStudio.TestPlatform.Extensions.Trx.TestLogger.dll
TpTrace Verbose: 0 : 3900, 1, 2021/12/16, 17:05:09.389, 4468858952442, vstest.console.dll, TestPluginCache.GetExtensionPaths: Added unfilterableExtensionPaths: 
TpTrace Information: 0 : 3900, 1, 2021/12/16, 17:05:09.390, 4468858962351, vstest.console.dll, AssemblyResolver.ctor: Creating AssemblyResolver with searchDirectories C:\Program Files\dotnet\sdk\5.0.403\Extensions,C:\Program Files\dotnet\sdk\5.0.403
TpTrace Verbose: 0 : 3900, 1, 2021/12/16, 17:05:09.391, 4468858977218, vstest.console.dll, TestPluginCache.DiscoverTestExtensions: Discovering the extensions using extension path.
TpTrace Verbose: 0 : 3900, 1, 2021/12/16, 17:05:09.391, 4468858979757, vstest.console.dll, TestPluginCache.GetExtensionPaths: Filtered extension paths: 
TpTrace Verbose: 0 : 3900, 1, 2021/12/16, 17:05:09.392, 4468858980994, vstest.console.dll, TestPluginCache.GetExtensionPaths: Added default extension paths: C:\Program Files\dotnet\sdk\5.0.403\Extensions\Microsoft.Diagnostics.NETCore.Client.dll
C:\Program Files\dotnet\sdk\5.0.403\Extensions\Microsoft.TestPlatform.Extensions.BlameDataCollector.dll
C:\Program Files\dotnet\sdk\5.0.403\Extensions\Microsoft.TestPlatform.Extensions.EventLogCollector.dll
C:\Program Files\dotnet\sdk\5.0.403\Extensions\Microsoft.TestPlatform.TestHostRuntimeProvider.dll
C:\Program Files\dotnet\sdk\5.0.403\Extensions\Microsoft.VisualStudio.TestPlatform.Extensions.Html.TestLogger.dll
C:\Program Files\dotnet\sdk\5.0.403\Extensions\Microsoft.VisualStudio.TestPlatform.Extensions.Trx.TestLogger.dll
TpTrace Verbose: 0 : 3900, 1, 2021/12/16, 17:05:09.392, 4468858981583, vstest.console.dll, TestPluginCache.GetExtensionPaths: Added unfilterableExtensionPaths: 
TpTrace Verbose: 0 : 3900, 1, 2021/12/16, 17:05:09.392, 4468858982682, vstest.console.dll, TestPluginCache.DiscoverTestExtensions: Discovering the extensions using allExtensionPaths: C:\Program Files\dotnet\sdk\5.0.403\Extensions\Microsoft.Diagnostics.NETCore.Client.dll
C:\Program Files\dotnet\sdk\5.0.403\Extensions\Microsoft.TestPlatform.Extensions.BlameDataCollector.dll
C:\Program Files\dotnet\sdk\5.0.403\Extensions\Microsoft.TestPlatform.Extensions.EventLogCollector.dll
C:\Program Files\dotnet\sdk\5.0.403\Extensions\Microsoft.TestPlatform.TestHostRuntimeProvider.dll
C:\Program Files\dotnet\sdk\5.0.403\Extensions\Microsoft.VisualStudio.TestPlatform.Extensions.Html.TestLogger.dll
C:\Program Files\dotnet\sdk\5.0.403\Extensions\Microsoft.VisualStudio.TestPlatform.Extensions.Trx.TestLogger.dll
TpTrace Information: 0 : 3900, 1, 2021/12/16, 17:05:09.392, 4468858984955, vstest.console.dll, AssemblyResolver.AddSearchDirectories: Adding more searchDirectories C:\Program Files\dotnet\sdk\5.0.403\Extensions,C:\Program Files\dotnet\sdk\5.0.403
TpTrace Information: 0 : 3900, 1, 2021/12/16, 17:05:09.392, 4468858985959, vstest.console.dll, AssemblyResolver.AddSearchDirectories: Adding more searchDirectories C:\Program Files\dotnet\sdk\5.0.403\Extensions,C:\Program Files\dotnet\sdk\5.0.403
TpTrace Information: 0 : 3900, 1, 2021/12/16, 17:05:09.392, 4468858986559, vstest.console.dll, AssemblyResolver.AddSearchDirectories: Adding more searchDirectories C:\Program Files\dotnet\sdk\5.0.403\Extensions,C:\Program Files\dotnet\sdk\5.0.403
TpTrace Information: 0 : 3900, 1, 2021/12/16, 17:05:09.392, 4468858987031, vstest.console.dll, AssemblyResolver.AddSearchDirectories: Adding more searchDirectories C:\Program Files\dotnet\sdk\5.0.403\Extensions,C:\Program Files\dotnet\sdk\5.0.403
TpTrace Information: 0 : 3900, 1, 2021/12/16, 17:05:09.392, 4468858987553, vstest.console.dll, AssemblyResolver.AddSearchDirectories: Adding more searchDirectories C:\Program Files\dotnet\sdk\5.0.403\Extensions,C:\Program Files\dotnet\sdk\5.0.403
TpTrace Information: 0 : 3900, 1, 2021/12/16, 17:05:09.392, 4468858988006, vstest.console.dll, AssemblyResolver.AddSearchDirectories: Adding more searchDirectories C:\Program Files\dotnet\sdk\5.0.403\Extensions,C:\Program Files\dotnet\sdk\5.0.403
TpTrace Information: 0 : 3900, 1, 2021/12/16, 17:05:09.393, 4468858992484, vstest.console.dll, AssemblyResolver.OnResolve: Microsoft.Diagnostics.NETCore.Client: Resolving assembly.
TpTrace Information: 0 : 3900, 1, 2021/12/16, 17:05:09.393, 4468858993456, vstest.console.dll, AssemblyResolver.OnResolve: Microsoft.Diagnostics.NETCore.Client: Searching in: 'C:\Program Files\dotnet\sdk\5.0.403\Extensions'.
TpTrace Information: 0 : 3900, 1, 2021/12/16, 17:05:09.394, 4468859002550, vstest.console.dll, AssemblyResolver.OnResolve: Microsoft.Diagnostics.NETCore.Client: Loading assembly 'C:\Program Files\dotnet\sdk\5.0.403\Extensions\Microsoft.Diagnostics.NETCore.Client.dll'.
TpTrace Information: 0 : 3900, 1, 2021/12/16, 17:05:09.395, 4468859011467, vstest.console.dll, AssemblyResolver.OnResolve: Resolved assembly: Microsoft.Diagnostics.NETCore.Client, from path: C:\Program Files\dotnet\sdk\5.0.403\Extensions\Microsoft.Diagnostics.NETCore.Client.dll
TpTrace Information: 0 : 3900, 1, 2021/12/16, 17:05:09.398, 4468859042066, vstest.console.dll, AssemblyResolver.OnResolve: Microsoft.Bcl.AsyncInterfaces: Resolving assembly.
TpTrace Information: 0 : 3900, 1, 2021/12/16, 17:05:09.398, 4468859043376, vstest.console.dll, AssemblyResolver.OnResolve: Microsoft.Bcl.AsyncInterfaces: Searching in: 'C:\Program Files\dotnet\sdk\5.0.403\Extensions'.
TpTrace Information: 0 : 3900, 1, 2021/12/16, 17:05:09.398, 4468859044618, vstest.console.dll, AssemblyResolver.OnResolve: Microsoft.Bcl.AsyncInterfaces: Assembly path does not exist: 'C:\Program Files\dotnet\sdk\5.0.403\Extensions\Microsoft.Bcl.AsyncInterfaces.dll', returning.
TpTrace Information: 0 : 3900, 1, 2021/12/16, 17:05:09.398, 4468859045596, vstest.console.dll, AssemblyResolver.OnResolve: Microsoft.Bcl.AsyncInterfaces: Assembly path does not exist: 'C:\Program Files\dotnet\sdk\5.0.403\Extensions\Microsoft.Bcl.AsyncInterfaces.exe', returning.
TpTrace Information: 0 : 3900, 1, 2021/12/16, 17:05:09.398, 4468859046211, vstest.console.dll, AssemblyResolver.OnResolve: Microsoft.Bcl.AsyncInterfaces: Searching in: 'C:\Program Files\dotnet\sdk\5.0.403'.
TpTrace Information: 0 : 3900, 1, 2021/12/16, 17:05:09.398, 4468859047227, vstest.console.dll, AssemblyResolver.OnResolve: Microsoft.Bcl.AsyncInterfaces: Assembly path does not exist: 'C:\Program Files\dotnet\sdk\5.0.403\Microsoft.Bcl.AsyncInterfaces.dll', returning.
TpTrace Information: 0 : 3900, 1, 2021/12/16, 17:05:09.398, 4468859048255, vstest.console.dll, AssemblyResolver.OnResolve: Microsoft.Bcl.AsyncInterfaces: Assembly path does not exist: 'C:\Program Files\dotnet\sdk\5.0.403\Microsoft.Bcl.AsyncInterfaces.exe', returning.
TpTrace Information: 0 : 3900, 1, 2021/12/16, 17:05:09.398, 4468859049212, vstest.console.dll, AssemblyResolver.OnResolve: Microsoft.Bcl.AsyncInterfaces: Failed to load assembly.
TpTrace Verbose: 0 : 3900, 1, 2021/12/16, 17:05:09.398, 4468859049958, vstest.console.dll, CurrentDomainAssemblyResolve: Resolving assembly 'Microsoft.Bcl.AsyncInterfaces'.
TpTrace Information: 0 : 3900, 1, 2021/12/16, 17:05:09.399, 4468859050852, vstest.console.dll, AssemblyResolver.OnResolve: Microsoft.Bcl.AsyncInterfaces: Resolving assembly.
TpTrace Information: 0 : 3900, 1, 2021/12/16, 17:05:09.399, 4468859051418, vstest.console.dll, AssemblyResolver.OnResolve: Microsoft.Bcl.AsyncInterfaces: Resolved from cache.
TpTrace Verbose: 0 : 3900, 1, 2021/12/16, 17:05:09.399, 4468859051882, vstest.console.dll, CurrentDomainAssemblyResolve: Resolving assembly 'Microsoft.Bcl.AsyncInterfaces'.
TpTrace Verbose: 0 : 3900, 1, 2021/12/16, 17:05:09.399, 4468859052504, vstest.console.dll, CurrentDomainAssemblyResolve: Failed to resolve assembly 'Microsoft.Bcl.AsyncInterfaces'.
TpTrace Verbose: 0 : 3900, 1, 2021/12/16, 17:05:09.400, 4468859063748, vstest.console.dll, CurrentDomainAssemblyResolve: Failed to resolve assembly 'Microsoft.Bcl.AsyncInterfaces'.
TpTrace Warning: 0 : 3900, 1, 2021/12/16, 17:05:09.421, 4468859275401, vstest.console.dll, TestPluginDiscoverer: Failed to get types from assembly 'Microsoft.Diagnostics.NETCore.Client, Version=0.2.2.41902, Culture=neutral, PublicKeyToken=31bf3856ad364e35'.  Skipping test extension scan for this assembly.  Error: System.Reflection.ReflectionTypeLoadException: Unable to load one or more of the requested types.
Could not load file or assembly 'Microsoft.Bcl.AsyncInterfaces, Version=1.0.0.0, Culture=neutral, PublicKeyToken=cc7b13ffcd2ddd51'. Не удается найти указанный файл.
   at System.Reflection.RuntimeModule.GetTypes(RuntimeModule module)
   at System.Reflection.RuntimeModule.GetTypes()
   at System.Reflection.Assembly.GetTypes()
   at Microsoft.VisualStudio.TestPlatform.Common.ExtensionFramework.TestPluginDiscoverer.GetTestExtensionsFromAssembly[TPluginInfo,TExtension](Assembly assembly, Dictionary`2 pluginInfos)
System.IO.FileNotFoundException: Could not load file or assembly 'Microsoft.Bcl.AsyncInterfaces, Version=1.0.0.0, Culture=neutral, PublicKeyToken=cc7b13ffcd2ddd51'. Не удается найти указанный файл.
File name: 'Microsoft.Bcl.AsyncInterfaces, Version=1.0.0.0, Culture=neutral, PublicKeyToken=cc7b13ffcd2ddd51'
TpTrace Warning: 0 : 3900, 1, 2021/12/16, 17:05:09.421, 4468859278355, vstest.console.dll, LoaderExceptions: System.IO.FileNotFoundException: Could not load file or assembly 'Microsoft.Bcl.AsyncInterfaces, Version=1.0.0.0, Culture=neutral, PublicKeyToken=cc7b13ffcd2ddd51'. Не удается найти указанный файл.
File name: 'Microsoft.Bcl.AsyncInterfaces, Version=1.0.0.0, Culture=neutral, PublicKeyToken=cc7b13ffcd2ddd51'
TpTrace Information: 0 : 3900, 1, 2021/12/16, 17:05:09.421, 4468859280012, vstest.console.dll, AssemblyResolver.OnResolve: Microsoft.TestPlatform.Extensions.BlameDataCollector: Resolving assembly.
TpTrace Information: 0 : 3900, 1, 2021/12/16, 17:05:09.422, 4468859280617, vstest.console.dll, AssemblyResolver.OnResolve: Microsoft.TestPlatform.Extensions.BlameDataCollector: Searching in: 'C:\Program Files\dotnet\sdk\5.0.403\Extensions'.
TpTrace Information: 0 : 3900, 1, 2021/12/16, 17:05:09.422, 4468859288637, vstest.console.dll, AssemblyResolver.OnResolve: Microsoft.TestPlatform.Extensions.BlameDataCollector: Loading assembly 'C:\Program Files\dotnet\sdk\5.0.403\Extensions\Microsoft.TestPlatform.Extensions.BlameDataCollector.dll'.
TpTrace Information: 0 : 3900, 1, 2021/12/16, 17:05:09.423, 4468859298217, vstest.console.dll, AssemblyResolver.OnResolve: Resolved assembly: Microsoft.TestPlatform.Extensions.BlameDataCollector, from path: C:\Program Files\dotnet\sdk\5.0.403\Extensions\Microsoft.TestPlatform.Extensions.BlameDataCollector.dll
TpTrace Information: 0 : 3900, 1, 2021/12/16, 17:05:09.424, 4468859306202, vstest.console.dll, AssemblyResolver.OnResolve: Microsoft.TestPlatform.Extensions.EventLogCollector: Resolving assembly.
TpTrace Information: 0 : 3900, 1, 2021/12/16, 17:05:09.424, 4468859307141, vstest.console.dll, AssemblyResolver.OnResolve: Microsoft.TestPlatform.Extensions.EventLogCollector: Searching in: 'C:\Program Files\dotnet\sdk\5.0.403\Extensions'.
TpTrace Information: 0 : 3900, 1, 2021/12/16, 17:05:09.425, 4468859312904, vstest.console.dll, AssemblyResolver.OnResolve: Microsoft.TestPlatform.Extensions.EventLogCollector: Loading assembly 'C:\Program Files\dotnet\sdk\5.0.403\Extensions\Microsoft.TestPlatform.Extensions.EventLogCollector.dll'.
TpTrace Information: 0 : 3900, 1, 2021/12/16, 17:05:09.425, 4468859319777, vstest.console.dll, AssemblyResolver.OnResolve: Resolved assembly: Microsoft.TestPlatform.Extensions.EventLogCollector, from path: C:\Program Files\dotnet\sdk\5.0.403\Extensions\Microsoft.TestPlatform.Extensions.EventLogCollector.dll
TpTrace Information: 0 : 3900, 1, 2021/12/16, 17:05:09.427, 4468859337153, vstest.console.dll, AssemblyResolver.OnResolve: Microsoft.TestPlatform.TestHostRuntimeProvider: Resolving assembly.
TpTrace Information: 0 : 3900, 1, 2021/12/16, 17:05:09.427, 4468859338160, vstest.console.dll, AssemblyResolver.OnResolve: Microsoft.TestPlatform.TestHostRuntimeProvider: Searching in: 'C:\Program Files\dotnet\sdk\5.0.403\Extensions'.
TpTrace Information: 0 : 3900, 1, 2021/12/16, 17:05:09.428, 4468859343429, vstest.console.dll, AssemblyResolver.OnResolve: Microsoft.TestPlatform.TestHostRuntimeProvider: Loading assembly 'C:\Program Files\dotnet\sdk\5.0.403\Extensions\Microsoft.TestPlatform.TestHostRuntimeProvider.dll'.
TpTrace Information: 0 : 3900, 1, 2021/12/16, 17:05:09.428, 4468859349884, vstest.console.dll, AssemblyResolver.OnResolve: Resolved assembly: Microsoft.TestPlatform.TestHostRuntimeProvider, from path: C:\Program Files\dotnet\sdk\5.0.403\Extensions\Microsoft.TestPlatform.TestHostRuntimeProvider.dll
TpTrace Information: 0 : 3900, 1, 2021/12/16, 17:05:09.430, 4468859364042, vstest.console.dll, AssemblyResolver.OnResolve: Microsoft.VisualStudio.TestPlatform.Extensions.Html.TestLogger: Resolving assembly.
TpTrace Information: 0 : 3900, 1, 2021/12/16, 17:05:09.430, 4468859364961, vstest.console.dll, AssemblyResolver.OnResolve: Microsoft.VisualStudio.TestPlatform.Extensions.Html.TestLogger: Searching in: 'C:\Program Files\dotnet\sdk\5.0.403\Extensions'.
TpTrace Information: 0 : 3900, 1, 2021/12/16, 17:05:09.430, 4468859370427, vstest.console.dll, AssemblyResolver.OnResolve: Microsoft.VisualStudio.TestPlatform.Extensions.Html.TestLogger: Loading assembly 'C:\Program Files\dotnet\sdk\5.0.403\Extensions\Microsoft.VisualStudio.TestPlatform.Extensions.Html.TestLogger.dll'.
TpTrace Information: 0 : 3900, 1, 2021/12/16, 17:05:09.431, 4468859376968, vstest.console.dll, AssemblyResolver.OnResolve: Resolved assembly: Microsoft.VisualStudio.TestPlatform.Extensions.Html.TestLogger, from path: C:\Program Files\dotnet\sdk\5.0.403\Extensions\Microsoft.VisualStudio.TestPlatform.Extensions.Html.TestLogger.dll
TpTrace Information: 0 : 3900, 1, 2021/12/16, 17:05:09.432, 4468859380764, vstest.console.dll, AssemblyResolver.OnResolve: Microsoft.VisualStudio.TestPlatform.Extensions.Trx.TestLogger: Resolving assembly.
TpTrace Information: 0 : 3900, 1, 2021/12/16, 17:05:09.432, 4468859381469, vstest.console.dll, AssemblyResolver.OnResolve: Microsoft.VisualStudio.TestPlatform.Extensions.Trx.TestLogger: Searching in: 'C:\Program Files\dotnet\sdk\5.0.403\Extensions'.
TpTrace Information: 0 : 3900, 1, 2021/12/16, 17:05:09.432, 4468859386933, vstest.console.dll, AssemblyResolver.OnResolve: Microsoft.VisualStudio.TestPlatform.Extensions.Trx.TestLogger: Loading assembly 'C:\Program Files\dotnet\sdk\5.0.403\Extensions\Microsoft.VisualStudio.TestPlatform.Extensions.Trx.TestLogger.dll'.
TpTrace Information: 0 : 3900, 1, 2021/12/16, 17:05:09.433, 4468859393796, vstest.console.dll, AssemblyResolver.OnResolve: Resolved assembly: Microsoft.VisualStudio.TestPlatform.Extensions.Trx.TestLogger, from path: C:\Program Files\dotnet\sdk\5.0.403\Extensions\Microsoft.VisualStudio.TestPlatform.Extensions.Trx.TestLogger.dll
TpTrace Verbose: 0 : 3900, 1, 2021/12/16, 17:05:09.434, 4468859400765, vstest.console.dll, TestPluginCache: Discovered the extensions using extension path ''.
TpTrace Verbose: 0 : 3900, 1, 2021/12/16, 17:05:09.434, 4468859401615, vstest.console.dll, TestPluginCache: Discoverers are ''.
TpTrace Verbose: 0 : 3900, 1, 2021/12/16, 17:05:09.434, 4468859402162, vstest.console.dll, TestPluginCache: Executors are ''.
TpTrace Verbose: 0 : 3900, 1, 2021/12/16, 17:05:09.434, 4468859402699, vstest.console.dll, TestPluginCache: Executors2 are ''.
TpTrace Verbose: 0 : 3900, 1, 2021/12/16, 17:05:09.434, 4468859403093, vstest.console.dll, TestPluginCache: Setting providers are ''.
TpTrace Verbose: 0 : 3900, 1, 2021/12/16, 17:05:09.434, 4468859403463, vstest.console.dll, TestPluginCache: Loggers are ''.
TpTrace Information: 0 : 3900, 1, 2021/12/16, 17:05:09.440, 4468859463446, vstest.console.dll, RunTestsArgumentProcessor:Execute: Test run is starting.
TpTrace Verbose: 0 : 3900, 1, 2021/12/16, 17:05:09.440, 4468859464566, vstest.console.dll, RunTestsArgumentProcessor:Execute: Queuing Test run.
TpTrace Information: 0 : 3900, 1, 2021/12/16, 17:05:09.440, 4468859466855, vstest.console.dll, TestRequestManager.RunTests: run tests started.
TpTrace Information: 0 : 3900, 1, 2021/12/16, 17:05:09.444, 4468859505131, vstest.console.dll, AssemblyMetadataProvider.GetFrameWork: Determined framework:'.NETCoreApp,Version=v5.0' for source: 'C:\Users\Paul\Desktop\.NET\Labs\Dictionary\Dictionary.Tests\bin\Debug\net5.0\fine-code-coverage\build-output\Dictionary.Tests.dll'
TpTrace Information: 0 : 3900, 1, 2021/12/16, 17:05:09.444, 4468859507419, vstest.console.dll, Determined framework for all sources: .NETCoreApp,Version=v5.0
TpTrace Information: 0 : 3900, 1, 2021/12/16, 17:05:09.445, 4468859512001, vstest.console.dll, AssemblyMetadataProvider.GetArchitecture: Determined architecture:AnyCPU info for assembly: C:\Users\Paul\Desktop\.NET\Labs\Dictionary\Dictionary.Tests\bin\Debug\net5.0\fine-code-coverage\build-output\Dictionary.Tests.dll
TpTrace Information: 0 : 3900, 1, 2021/12/16, 17:05:09.447, 4468859534206, vstest.console.dll, Determined platform for all sources: X64
TpTrace Information: 0 : 3900, 1, 2021/12/16, 17:05:09.452, 4468859586898, vstest.console.dll, Compatible sources list : 
TpTrace Information: 0 : 3900, 1, 2021/12/16, 17:05:09.452, 4468859588698, vstest.console.dll, C:\Users\Paul\Desktop\.NET\Labs\Dictionary\Dictionary.Tests\bin\Debug\net5.0\fine-code-coverage\build-output\Dictionary.Tests.dll
TpTrace Information: 0 : 3900, 1, 2021/12/16, 17:05:09.458, 4468859645082, vstest.console.dll, InferRunSettingsHelper.IsTestSettingsEnabled: Unable to navigate to RunSettings/MSTest. Current node: RunSettings
TpTrace Information: 0 : 3900, 1, 2021/12/16, 17:05:09.459, 4468859654514, vstest.console.dll, AssemblyResolver.OnResolve: Microsoft.VisualStudio.TestPlatform.Fakes: Resolving assembly.
TpTrace Information: 0 : 3900, 1, 2021/12/16, 17:05:09.459, 4468859655787, vstest.console.dll, AssemblyResolver.OnResolve: Microsoft.VisualStudio.TestPlatform.Fakes: Searching in: 'C:\Program Files\dotnet\sdk\5.0.403\Extensions'.
TpTrace Information: 0 : 3900, 1, 2021/12/16, 17:05:09.459, 4468859657988, vstest.console.dll, AssemblyResolver.OnResolve: Microsoft.VisualStudio.TestPlatform.Fakes: Assembly path does not exist: 'C:\Program Files\dotnet\sdk\5.0.403\Extensions\Microsoft.VisualStudio.TestPlatform.Fakes.dll', returning.
TpTrace Information: 0 : 3900, 1, 2021/12/16, 17:05:09.459, 4468859659662, vstest.console.dll, AssemblyResolver.OnResolve: Microsoft.VisualStudio.TestPlatform.Fakes: Assembly path does not exist: 'C:\Program Files\dotnet\sdk\5.0.403\Extensions\Microsoft.VisualStudio.TestPlatform.Fakes.exe', returning.
TpTrace Information: 0 : 3900, 1, 2021/12/16, 17:05:09.459, 4468859660434, vstest.console.dll, AssemblyResolver.OnResolve: Microsoft.VisualStudio.TestPlatform.Fakes: Searching in: 'C:\Program Files\dotnet\sdk\5.0.403'.
TpTrace Information: 0 : 3900, 1, 2021/12/16, 17:05:09.460, 4468859662408, vstest.console.dll, AssemblyResolver.OnResolve: Microsoft.VisualStudio.TestPlatform.Fakes: Assembly path does not exist: 'C:\Program Files\dotnet\sdk\5.0.403\Microsoft.VisualStudio.TestPlatform.Fakes.dll', returning.
TpTrace Information: 0 : 3900, 1, 2021/12/16, 17:05:09.460, 4468859663517, vstest.console.dll, AssemblyResolver.OnResolve: Microsoft.VisualStudio.TestPlatform.Fakes: Assembly path does not exist: 'C:\Program Files\dotnet\sdk\5.0.403\Microsoft.VisualStudio.TestPlatform.Fakes.exe', returning.
TpTrace Information: 0 : 3900, 1, 2021/12/16, 17:05:09.460, 4468859664001, vstest.console.dll, AssemblyResolver.OnResolve: Microsoft.VisualStudio.TestPlatform.Fakes: Failed to load assembly.
TpTrace Information: 0 : 3900, 1, 2021/12/16, 17:05:09.460, 4468859668533, vstest.console.dll, Failed to create newly implemented Fakes Configurator. Reason:System.IO.FileNotFoundException: Could not load file or assembly 'Microsoft.VisualStudio.TestPlatform.Fakes, Version=16.0.0.0, Culture=neutral, PublicKeyToken=null'. Не удается найти указанный файл.
File name: 'Microsoft.VisualStudio.TestPlatform.Fakes, Version=16.0.0.0, Culture=neutral, PublicKeyToken=null'
   at System.Reflection.RuntimeAssembly.InternalLoad(ObjectHandleOnStack assemblyName, ObjectHandleOnStack requestingAssembly, StackCrawlMarkHandle stackMark, Boolean throwOnFileNotFound, ObjectHandleOnStack assemblyLoadContext, ObjectHandleOnStack retAssembly)
   at System.Reflection.RuntimeAssembly.InternalLoad(AssemblyName assemblyName, RuntimeAssembly requestingAssembly, StackCrawlMark& stackMark, Boolean throwOnFileNotFound, AssemblyLoadContext assemblyLoadContext)
   at System.Reflection.Assembly.Load(AssemblyName assemblyRef)
   at Microsoft.VisualStudio.TestPlatform.Common.Utilities.FakesUtilities.TryGetFakesCrossPlatformDataCollectorConfigurator() 
TpTrace Verbose: 0 : 3900, 1, 2021/12/16, 17:05:09.464, 4468859709991, vstest.console.dll, TestPluginCache.DiscoverTestExtensions: finding test extensions in assemblies ends with: TestLogger.dll TPluginInfo: Microsoft.VisualStudio.TestPlatform.Common.ExtensionFramework.Utilities.TestLoggerPluginInformation TExtension: Microsoft.VisualStudio.TestPlatform.ObjectModel.Client.ITestLogger
TpTrace Verbose: 0 : 3900, 1, 2021/12/16, 17:05:09.465, 4468859711408, vstest.console.dll, TestPluginCache.GetExtensionPaths: Filtered extension paths: 
TpTrace Verbose: 0 : 3900, 1, 2021/12/16, 17:05:09.465, 4468859711945, vstest.console.dll, TestPluginCache.GetExtensionPaths: Added default extension paths: C:\Program Files\dotnet\sdk\5.0.403\Extensions\Microsoft.Diagnostics.NETCore.Client.dll
C:\Program Files\dotnet\sdk\5.0.403\Extensions\Microsoft.TestPlatform.Extensions.BlameDataCollector.dll
C:\Program Files\dotnet\sdk\5.0.403\Extensions\Microsoft.TestPlatform.Extensions.EventLogCollector.dll
C:\Program Files\dotnet\sdk\5.0.403\Extensions\Microsoft.TestPlatform.TestHostRuntimeProvider.dll
C:\Program Files\dotnet\sdk\5.0.403\Extensions\Microsoft.VisualStudio.TestPlatform.Extensions.Html.TestLogger.dll
C:\Program Files\dotnet\sdk\5.0.403\Extensions\Microsoft.VisualStudio.TestPlatform.Extensions.Trx.TestLogger.dll
TpTrace Verbose: 0 : 3900, 1, 2021/12/16, 17:05:09.465, 4468859712539, vstest.console.dll, TestPluginCache.GetExtensionPaths: Added unfilterableExtensionPaths: 
TpTrace Information: 0 : 3900, 1, 2021/12/16, 17:05:09.465, 4468859714378, vstest.console.dll, AssemblyResolver.AddSearchDirectories: Adding more searchDirectories C:\Program Files\dotnet\sdk\5.0.403\Extensions,C:\Program Files\dotnet\sdk\5.0.403
TpTrace Verbose: 0 : 3900, 1, 2021/12/16, 17:05:09.465, 4468859715013, vstest.console.dll, TestPluginCache.DiscoverTestExtensions: Discovering the extensions using extension path.
TpTrace Verbose: 0 : 3900, 1, 2021/12/16, 17:05:09.465, 4468859715454, vstest.console.dll, TestPluginCache.GetExtensionPaths: Filtered extension paths: 
TpTrace Verbose: 0 : 3900, 1, 2021/12/16, 17:05:09.465, 4468859716777, vstest.console.dll, TestPluginCache.GetExtensionPaths: Added default extension paths: C:\Program Files\dotnet\sdk\5.0.403\Extensions\Microsoft.Diagnostics.NETCore.Client.dll
C:\Program Files\dotnet\sdk\5.0.403\Extensions\Microsoft.TestPlatform.Extensions.BlameDataCollector.dll
C:\Program Files\dotnet\sdk\5.0.403\Extensions\Microsoft.TestPlatform.Extensions.EventLogCollector.dll
C:\Program Files\dotnet\sdk\5.0.403\Extensions\Microsoft.TestPlatform.TestHostRuntimeProvider.dll
C:\Program Files\dotnet\sdk\5.0.403\Extensions\Microsoft.VisualStudio.TestPlatform.Extensions.Html.TestLogger.dll
C:\Program Files\dotnet\sdk\5.0.403\Extensions\Microsoft.VisualStudio.TestPlatform.Extensions.Trx.TestLogger.dll
TpTrace Verbose: 0 : 3900, 1, 2021/12/16, 17:05:09.465, 4468859717399, vstest.console.dll, TestPluginCache.GetExtensionPaths: Added unfilterableExtensionPaths: 
TpTrace Verbose: 0 : 3900, 1, 2021/12/16, 17:05:09.465, 4468859717945, vstest.console.dll, TestPluginCache.DiscoverTestExtensions: Discovering the extensions using allExtensionPaths: C:\Program Files\dotnet\sdk\5.0.403\Extensions\Microsoft.Diagnostics.NETCore.Client.dll
C:\Program Files\dotnet\sdk\5.0.403\Extensions\Microsoft.TestPlatform.Extensions.BlameDataCollector.dll
C:\Program Files\dotnet\sdk\5.0.403\Extensions\Microsoft.TestPlatform.Extensions.EventLogCollector.dll
C:\Program Files\dotnet\sdk\5.0.403\Extensions\Microsoft.TestPlatform.TestHostRuntimeProvider.dll
C:\Program Files\dotnet\sdk\5.0.403\Extensions\Microsoft.VisualStudio.TestPlatform.Extensions.Html.TestLogger.dll
C:\Program Files\dotnet\sdk\5.0.403\Extensions\Microsoft.VisualStudio.TestPlatform.Extensions.Trx.TestLogger.dll
TpTrace Information: 0 : 3900, 1, 2021/12/16, 17:05:09.465, 4468859718583, vstest.console.dll, AssemblyResolver.AddSearchDirectories: Adding more searchDirectories C:\Program Files\dotnet\sdk\5.0.403\Extensions,C:\Program Files\dotnet\sdk\5.0.403
TpTrace Information: 0 : 3900, 1, 2021/12/16, 17:05:09.465, 4468859719150, vstest.console.dll, AssemblyResolver.AddSearchDirectories: Adding more searchDirectories C:\Program Files\dotnet\sdk\5.0.403\Extensions,C:\Program Files\dotnet\sdk\5.0.403
TpTrace Information: 0 : 3900, 1, 2021/12/16, 17:05:09.465, 4468859719710, vstest.console.dll, AssemblyResolver.AddSearchDirectories: Adding more searchDirectories C:\Program Files\dotnet\sdk\5.0.403\Extensions,C:\Program Files\dotnet\sdk\5.0.403
TpTrace Information: 0 : 3900, 1, 2021/12/16, 17:05:09.465, 4468859720257, vstest.console.dll, AssemblyResolver.AddSearchDirectories: Adding more searchDirectories C:\Program Files\dotnet\sdk\5.0.403\Extensions,C:\Program Files\dotnet\sdk\5.0.403
TpTrace Information: 0 : 3900, 1, 2021/12/16, 17:05:09.466, 4468859720770, vstest.console.dll, AssemblyResolver.AddSearchDirectories: Adding more searchDirectories C:\Program Files\dotnet\sdk\5.0.403\Extensions,C:\Program Files\dotnet\sdk\5.0.403
TpTrace Information: 0 : 3900, 1, 2021/12/16, 17:05:09.466, 4468859721196, vstest.console.dll, AssemblyResolver.AddSearchDirectories: Adding more searchDirectories C:\Program Files\dotnet\sdk\5.0.403\Extensions,C:\Program Files\dotnet\sdk\5.0.403
TpTrace Information: 0 : 3900, 1, 2021/12/16, 17:05:09.466, 4468859724535, vstest.console.dll, AssemblyResolver.OnResolve: Microsoft.Bcl.AsyncInterfaces: Resolving assembly.
TpTrace Information: 0 : 3900, 1, 2021/12/16, 17:05:09.466, 4468859725134, vstest.console.dll, AssemblyResolver.OnResolve: Microsoft.Bcl.AsyncInterfaces: Resolved from cache.
TpTrace Verbose: 0 : 3900, 1, 2021/12/16, 17:05:09.466, 4468859725654, vstest.console.dll, CurrentDomainAssemblyResolve: Resolving assembly 'Microsoft.Bcl.AsyncInterfaces'.
TpTrace Information: 0 : 3900, 1, 2021/12/16, 17:05:09.466, 4468859726382, vstest.console.dll, AssemblyResolver.OnResolve: Microsoft.Bcl.AsyncInterfaces: Resolving assembly.
TpTrace Information: 0 : 3900, 1, 2021/12/16, 17:05:09.466, 4468859726822, vstest.console.dll, AssemblyResolver.OnResolve: Microsoft.Bcl.AsyncInterfaces: Resolved from cache.
TpTrace Verbose: 0 : 3900, 1, 2021/12/16, 17:05:09.466, 4468859727329, vstest.console.dll, CurrentDomainAssemblyResolve: Resolving assembly 'Microsoft.Bcl.AsyncInterfaces'.
TpTrace Verbose: 0 : 3900, 1, 2021/12/16, 17:05:09.466, 4468859727762, vstest.console.dll, CurrentDomainAssemblyResolve: Failed to resolve assembly 'Microsoft.Bcl.AsyncInterfaces'.
TpTrace Verbose: 0 : 3900, 1, 2021/12/16, 17:05:09.466, 4468859729707, vstest.console.dll, CurrentDomainAssemblyResolve: Failed to resolve assembly 'Microsoft.Bcl.AsyncInterfaces'.
TpTrace Warning: 0 : 3900, 1, 2021/12/16, 17:05:09.467, 4468859733079, vstest.console.dll, TestPluginDiscoverer: Failed to get types from assembly 'Microsoft.Diagnostics.NETCore.Client, Version=0.2.2.41902, Culture=neutral, PublicKeyToken=31bf3856ad364e35'.  Skipping test extension scan for this assembly.  Error: System.Reflection.ReflectionTypeLoadException: Unable to load one or more of the requested types.
Could not load file or assembly 'Microsoft.Bcl.AsyncInterfaces, Version=1.0.0.0, Culture=neutral, PublicKeyToken=cc7b13ffcd2ddd51'. Не удается найти указанный файл.
   at System.Reflection.RuntimeModule.GetTypes(RuntimeModule module)
   at System.Reflection.RuntimeModule.GetTypes()
   at System.Reflection.Assembly.GetTypes()
   at Microsoft.VisualStudio.TestPlatform.Common.ExtensionFramework.TestPluginDiscoverer.GetTestExtensionsFromAssembly[TPluginInfo,TExtension](Assembly assembly, Dictionary`2 pluginInfos)
System.IO.FileNotFoundException: Could not load file or assembly 'Microsoft.Bcl.AsyncInterfaces, Version=1.0.0.0, Culture=neutral, PublicKeyToken=cc7b13ffcd2ddd51'. Не удается найти указанный файл.
File name: 'Microsoft.Bcl.AsyncInterfaces, Version=1.0.0.0, Culture=neutral, PublicKeyToken=cc7b13ffcd2ddd51'
TpTrace Warning: 0 : 3900, 1, 2021/12/16, 17:05:09.467, 4468859733841, vstest.console.dll, LoaderExceptions: System.IO.FileNotFoundException: Could not load file or assembly 'Microsoft.Bcl.AsyncInterfaces, Version=1.0.0.0, Culture=neutral, PublicKeyToken=cc7b13ffcd2ddd51'. Не удается найти указанный файл.
File name: 'Microsoft.Bcl.AsyncInterfaces, Version=1.0.0.0, Culture=neutral, PublicKeyToken=cc7b13ffcd2ddd51'
TpTrace Verbose: 0 : 3900, 1, 2021/12/16, 17:05:09.467, 4468859738313, vstest.console.dll, TestPluginCache: Discovered the extensions using extension path ''.
TpTrace Verbose: 0 : 3900, 1, 2021/12/16, 17:05:09.467, 4468859738915, vstest.console.dll, TestPluginCache: Discoverers are ''.
TpTrace Verbose: 0 : 3900, 1, 2021/12/16, 17:05:09.467, 4468859739305, vstest.console.dll, TestPluginCache: Executors are ''.
TpTrace Verbose: 0 : 3900, 1, 2021/12/16, 17:05:09.467, 4468859739670, vstest.console.dll, TestPluginCache: Executors2 are ''.
TpTrace Verbose: 0 : 3900, 1, 2021/12/16, 17:05:09.467, 4468859740237, vstest.console.dll, TestPluginCache: Setting providers are ''.
TpTrace Verbose: 0 : 3900, 1, 2021/12/16, 17:05:09.468, 4468859741559, vstest.console.dll, TestPluginCache: Loggers are 'logger://Microsoft/TestPlatform/Extensions/Blame/v1,logger://Microsoft/TestPlatform/HtmlLogger/v1,logger://Microsoft/TestPlatform/TrxLogger/v1'.
TpTrace Information: 0 : 3900, 1, 2021/12/16, 17:05:09.469, 4468859759227, vstest.console.dll, TestPluginManager.CreateTestExtension: Attempting to load test extension: Microsoft.TestPlatform.Extensions.BlameDataCollector.BlameLogger
TpTrace Information: 0 : 3900, 1, 2021/12/16, 17:05:09.481, 4468859871624, vstest.console.dll, TestPluginManager.CreateTestExtension: Attempting to load test extension: Microsoft.VisualStudio.TestPlatform.CrossPlatEngine.Hosting.DefaultTestHostManager
TpTrace Information: 0 : 3900, 1, 2021/12/16, 17:05:09.481, 4468859875693, vstest.console.dll, TestPluginManager.CreateTestExtension: Attempting to load test extension: Microsoft.VisualStudio.TestPlatform.CrossPlatEngine.Hosting.DotnetTestHostManager
TpTrace Verbose: 0 : 3900, 1, 2021/12/16, 17:05:09.483, 4468859899320, vstest.console.dll, TestEngine: Initializing Parallel Execution as MaxCpuCount is set to: 1
TpTrace Information: 0 : 3900, 1, 2021/12/16, 17:05:09.484, 4468859909849, vstest.console.dll, InferRunSettingsHelper.IsTestSettingsEnabled: Unable to navigate to RunSettings/MSTest. Current node: RunSettings
TpTrace Verbose: 0 : 3900, 1, 2021/12/16, 17:05:09.502, 4468860089922, vstest.console.dll, TestRequestSender is acting as server
TpTrace Verbose: 0 : 3900, 4, 2021/12/16, 17:05:09.507, 4468860135759, vstest.console.dll, DataCollectionRequestSender.InitializeCommunication : Initialize communication. 
TpTrace Information: 0 : 3900, 4, 2021/12/16, 17:05:09.527, 4468860332801, vstest.console.dll, Listening on Endpoint : 127.0.0.1:1078
TpTrace Verbose: 0 : 3900, 4, 2021/12/16, 17:05:09.543, 4468860495746, vstest.console.dll, DotnetDataCollectionLauncher: Full path of dotnet.exe is C:\Program Files\dotnet\dotnet.exe
TpTrace Verbose: 0 : 3900, 4, 2021/12/16, 17:05:09.543, 4468860497819, vstest.console.dll, DotnetDataCollectionLauncher: Adding  --runtimeconfig "C:\Program Files\dotnet\sdk\5.0.403\datacollector.runtimeconfig.json" in args
TpTrace Verbose: 0 : 3900, 4, 2021/12/16, 17:05:09.543, 4468860499055, vstest.console.dll, DotnetDataCollectionLauncher: Adding  --depsfile "C:\Program Files\dotnet\sdk\5.0.403\datacollector.deps.json" in args
TpTrace Information: 0 : 3900, 4, 2021/12/16, 17:05:09.559, 4468860654240, vstest.console.dll, ProxyDataCollectionManager.Initialize: Launched datacollector processId: 19940 port: 1078
TpTrace Information: 0 : 3900, 4, 2021/12/16, 17:05:09.559, 4468860656649, vstest.console.dll, ProxyDataCollectionManager.Initialize: waiting for connection with timeout: 90 seconds
TpTrace Verbose: 0 : 3900, 4, 2021/12/16, 17:05:09.559, 4468860657701, vstest.console.dll, DataCollectionRequestSender.WaitForRequestHandlerConnection : Waiting for connection with timeout: 90000
TpTrace Information: 0 : 3900, 7, 2021/12/16, 17:05:09.866, 4468863727278, vstest.console.dll, Using the buffer size of 16384 bytes
TpTrace Verbose: 0 : 3900, 4, 2021/12/16, 17:05:09.866, 4468863728237, vstest.console.dll, ProxyDataCollectionManager.InvokeDataCollectionServiceAction: Starting.
TpTrace Information: 0 : 3900, 7, 2021/12/16, 17:05:09.866, 4468863728886, vstest.console.dll, Accepted Client request and set the flag
TpTrace Information: 0 : 3900, 4, 2021/12/16, 17:05:09.866, 4468863730404, vstest.console.dll, ProxyDataCollectionManager.BeforeTestRunStart: Get environment variable and port for datacollector processId: 19940 port: 1078
TpTrace Verbose: 0 : 3900, 4, 2021/12/16, 17:05:09.867, 4468863733222, vstest.console.dll, DataCollectionRequestSender.SendBeforeTestRunStartAndGetResult : Send BeforeTestRunStart message with settingsXml <RunSettings><RunConfiguration><ResultsDirectory>C:\Users\Paul\Desktop\.NET\Labs\Dictionary\Dictionary.Tests\bin\Debug\net5.0\fine-code-coverage\coverage-tool-output</ResultsDirectory><TargetPlatform>X64</TargetPlatform><TargetFrameworkVersion>.NETCoreApp,Version=v5.0</TargetFrameworkVersion><DesignMode>False</DesignMode><CollectSourceInformation>False</CollectSourceInformation><TestAdaptersPaths>C:\Program Files\dotnet\sdk\5.0.403\Extensions</TestAdaptersPaths></RunConfiguration><LoggerRunSettings><Loggers><Logger friendlyName="blame" enabled="True" /><Logger friendlyName="Console" uri="logger://microsoft/TestPlatform/ConsoleLogger/v1" assemblyQualifiedName="Microsoft.VisualStudio.TestPlatform.CommandLine.Internal.ConsoleLogger, vstest.console, Version=15.0.0.0, Culture=neutral, PublicKeyToken=b03f5f7f11d50a3a" codeBase="C:\Program Files\dotnet\sdk\5.0.403\vstest.console.dll" enabled="True" /></Loggers></LoggerRunSettings><DataCollectionRunSettings><DataCollectors><DataCollector friendlyName="blame" enabled="True"><Configuration><ResultsDirectory>C:\Users\Paul\Desktop\.NET\Labs\Dictionary\Dictionary.Tests\bin\Debug\net5.0\fine-code-coverage\coverage-tool-output</ResultsDirectory></Configuration></DataCollector></DataCollectors></DataCollectionRunSettings></RunSettings> and sources System.Linq.Enumerable+Concat2Iterator`1[System.String]: 
TpTrace Verbose: 0 : 3900, 4, 2021/12/16, 17:05:10.004, 4468865108558, vstest.console.dll, DataCollectionRequestSender.SendBeforeTestRunStartAndGetResult : Received message: (DataCollection.SendMessage) -> {
  "FriendlyName": null,
  "Uri": null,
  "TestCaseId": "00000000-0000-0000-0000-000000000000",
  "Message": "Logging DataCollector Diagnostics in file: C:\\Users\\Paul\\Desktop\\.NET\\Labs\\Dictionary\\Dictionary.Tests\\bin\\Debug\\net5.0\\fine-code-coverage\\coverage-tool-output\\diagnostics.datacollector.21-12-16_17-05-09_53765_4.log",
  "Level": 0
}
TpTrace Information: 0 : 3900, 4, 2021/12/16, 17:05:10.012, 4468865188454, vstest.console.dll, AssemblyResolver.OnResolve: Microsoft.VisualStudio.TestPlatform.Common.resources: Resolving assembly.
TpTrace Information: 0 : 3900, 4, 2021/12/16, 17:05:10.012, 4468865189691, vstest.console.dll, AssemblyResolver.OnResolve: Microsoft.VisualStudio.TestPlatform.Common.resources: Searching in: 'C:\Program Files\dotnet\sdk\5.0.403\Extensions'.
TpTrace Information: 0 : 3900, 4, 2021/12/16, 17:05:10.013, 4468865190992, vstest.console.dll, AssemblyResolver.OnResolve: Microsoft.VisualStudio.TestPlatform.Common.resources: Assembly path does not exist: 'C:\Program Files\dotnet\sdk\5.0.403\Extensions\Microsoft.VisualStudio.TestPlatform.Common.resources.dll', returning.
TpTrace Information: 0 : 3900, 4, 2021/12/16, 17:05:10.013, 4468865192087, vstest.console.dll, AssemblyResolver.OnResolve: Microsoft.VisualStudio.TestPlatform.Common.resources: Assembly path does not exist: 'C:\Program Files\dotnet\sdk\5.0.403\Extensions\Microsoft.VisualStudio.TestPlatform.Common.resources.exe', returning.
TpTrace Information: 0 : 3900, 4, 2021/12/16, 17:05:10.013, 4468865193155, vstest.console.dll, AssemblyResolver.OnResolve: Microsoft.VisualStudio.TestPlatform.Common.resources: Searching in: 'C:\Program Files\dotnet\sdk\5.0.403'.
TpTrace Information: 0 : 3900, 4, 2021/12/16, 17:05:10.013, 4468865195072, vstest.console.dll, AssemblyResolver.OnResolve: Microsoft.VisualStudio.TestPlatform.Common.resources: Assembly path does not exist: 'C:\Program Files\dotnet\sdk\5.0.403\Microsoft.VisualStudio.TestPlatform.Common.resources.dll', returning.
TpTrace Information: 0 : 3900, 4, 2021/12/16, 17:05:10.013, 4468865197211, vstest.console.dll, AssemblyResolver.OnResolve: Microsoft.VisualStudio.TestPlatform.Common.resources: Assembly path does not exist: 'C:\Program Files\dotnet\sdk\5.0.403\Microsoft.VisualStudio.TestPlatform.Common.resources.exe', returning.
TpTrace Information: 0 : 3900, 4, 2021/12/16, 17:05:10.013, 4468865198248, vstest.console.dll, AssemblyResolver.OnResolve: Microsoft.VisualStudio.TestPlatform.Common.resources: Failed to load assembly.
TpTrace Verbose: 0 : 3900, 4, 2021/12/16, 17:05:10.094, 4468866007782, vstest.console.dll, DataCollectionRequestSender.SendBeforeTestRunStartAndGetResult : Received message: (DataCollection.BeforeTestRunStartResult) -> {
  "EnvironmentVariables": {},
  "DataCollectionEventsPort": 1081
}
TpTrace Information: 0 : 3900, 4, 2021/12/16, 17:05:10.099, 4468866055423, vstest.console.dll, ProxyDataCollectionManager.BeforeTestRunStart: SendBeforeTestRunStartAndGetResult successful, env variable from datacollector:   and testhost port: 1081
TpTrace Information: 0 : 3900, 4, 2021/12/16, 17:05:10.099, 4468866057295, vstest.console.dll, ProxyDataCollectionManager.InvokeDataCollectionServiceAction: Completed.
TpTrace Verbose: 0 : 3900, 1, 2021/12/16, 17:05:10.100, 4468866062892, vstest.console.dll, TestRunRequest.ExecuteAsync: Creating test run request.
TpTrace Verbose: 0 : 3900, 1, 2021/12/16, 17:05:10.100, 4468866066840, vstest.console.dll, TestRunRequest.ExecuteAsync: Starting.
TpTrace Information: 0 : 3900, 1, 2021/12/16, 17:05:10.100, 4468866070270, vstest.console.dll, TestRunRequest.ExecuteAsync: Starting run with settings:TestRunCriteria:
   KeepAlive=False,FrequencyOfRunStatsChangeEvent=10,RunStatsChangeEventTimeout=00:00:01.5000000,TestCaseFilter=,TestExecutorLauncher=
   Settingsxml=<RunSettings>
  <RunConfiguration>
    <ResultsDirectory>C:\Users\Paul\Desktop\.NET\Labs\Dictionary\Dictionary.Tests\bin\Debug\net5.0\fine-code-coverage\coverage-tool-output</ResultsDirectory>
    <TargetPlatform>X64</TargetPlatform>
    <TargetFrameworkVersion>.NETCoreApp,Version=v5.0</TargetFrameworkVersion>
    <DesignMode>False</DesignMode>
    <CollectSourceInformation>False</CollectSourceInformation>
  </RunConfiguration>
  <LoggerRunSettings>
    <Loggers>
      <Logger friendlyName="blame" enabled="True" />
      <Logger friendlyName="Console" uri="logger://microsoft/TestPlatform/ConsoleLogger/v1" assemblyQualifiedName="Microsoft.VisualStudio.TestPlatform.CommandLine.Internal.ConsoleLogger, vstest.console, Version=15.0.0.0, Culture=neutral, PublicKeyToken=b03f5f7f11d50a3a" codeBase="C:\Program Files\dotnet\sdk\5.0.403\vstest.console.dll" enabled="True" />
    </Loggers>
  </LoggerRunSettings>
  <DataCollectionRunSettings>
    <DataCollectors>
      <DataCollector friendlyName="blame" enabled="True">
        <Configuration>
          <ResultsDirectory>C:\Users\Paul\Desktop\.NET\Labs\Dictionary\Dictionary.Tests\bin\Debug\net5.0\fine-code-coverage\coverage-tool-output</ResultsDirectory>
        </Configuration>
      </DataCollector>
    </DataCollectors>
  </DataCollectionRunSettings>
</RunSettings>

TpTrace Verbose: 0 : 3900, 1, 2021/12/16, 17:05:10.101, 4468866071371, vstest.console.dll, TestRunRequest.ExecuteAsync: Wait for the first run request is over.
TpTrace Verbose: 0 : 3900, 1, 2021/12/16, 17:05:10.101, 4468866076479, vstest.console.dll, ParallelProxyExecutionManager: Start execution. Total sources: 1
TpTrace Information: 0 : 3900, 1, 2021/12/16, 17:05:10.102, 4468866083861, vstest.console.dll, ProxyParallelExecutionManager: Triggering test run for next source: C:\Users\Paul\Desktop\.NET\Labs\Dictionary\Dictionary.Tests\bin\Debug\net5.0\fine-code-coverage\build-output\Dictionary.Tests.dll
TpTrace Verbose: 0 : 3900, 6, 2021/12/16, 17:05:10.102, 4468866085701, vstest.console.dll, ParallelProxyExecutionManager: Execution started. Started clients: 1
TpTrace Verbose: 0 : 3900, 1, 2021/12/16, 17:05:10.102, 4468866086092, vstest.console.dll, ProxyParallelExecutionManager: No sources available for execution.
TpTrace Information: 0 : 3900, 1, 2021/12/16, 17:05:10.102, 4468866087455, vstest.console.dll, TestRunRequest.ExecuteAsync: Started.
TpTrace Verbose: 0 : 3900, 1, 2021/12/16, 17:05:10.102, 4468866088566, vstest.console.dll, TestRunRequest.WaitForCompletion: Waiting with timeout -1.
TpTrace Verbose: 0 : 3900, 6, 2021/12/16, 17:05:10.102, 4468866089016, vstest.console.dll, TestRunRequest:SendTestRunMessage: Starting.
TpTrace Information: 0 : 3900, 6, 2021/12/16, 17:05:10.103, 4468866090489, vstest.console.dll, TestRunRequest:SendTestRunMessage: Completed.
TpTrace Verbose: 0 : 3900, 6, 2021/12/16, 17:05:10.103, 4468866093087, vstest.console.dll, ProxyExecutionManager: Test host is always Lazy initialize.
TpTrace Verbose: 0 : 3900, 6, 2021/12/16, 17:05:10.103, 4468866096045, vstest.console.dll, TestRequestSender.InitializeCommunication: initialize communication. 
TpTrace Information: 0 : 3900, 6, 2021/12/16, 17:05:10.104, 4468866103723, vstest.console.dll, SocketServer.Start: Listening on endpoint : 127.0.0.1:1082
TpTrace Verbose: 0 : 3900, 6, 2021/12/16, 17:05:10.105, 4468866113460, vstest.console.dll, DotnetTestHostmanager: Adding  --runtimeconfig "C:\Users\Paul\Desktop\.NET\Labs\Dictionary\Dictionary.Tests\bin\Debug\net5.0\fine-code-coverage\build-output\Dictionary.Tests.runtimeconfig.json" in args
TpTrace Verbose: 0 : 3900, 6, 2021/12/16, 17:05:10.105, 4468866114892, vstest.console.dll, DotnetTestHostmanager: Adding  --depsfile "C:\Users\Paul\Desktop\.NET\Labs\Dictionary\Dictionary.Tests\bin\Debug\net5.0\fine-code-coverage\build-output\Dictionary.Tests.deps.json" in args
TpTrace Verbose: 0 : 3900, 6, 2021/12/16, 17:05:10.105, 4468866117542, vstest.console.dll, DotnetTestHostManager: Testhost.exe/testhost.x86.exe found at path: C:\Users\Paul\Desktop\.NET\Labs\Dictionary\Dictionary.Tests\bin\Debug\net5.0\fine-code-coverage\build-output\testhost.exe
TpTrace Verbose: 0 : 3900, 6, 2021/12/16, 17:05:10.105, 4468866118359, vstest.console.dll, DotnetTestHostmanager: Full path of host exe is C:\Users\Paul\Desktop\.NET\Labs\Dictionary\Dictionary.Tests\bin\Debug\net5.0\fine-code-coverage\build-output\testhost.exe
TpTrace Verbose: 0 : 3900, 4, 2021/12/16, 17:05:10.106, 4468866129253, vstest.console.dll, DotnetTestHostManager: Starting process 'C:\Users\Paul\Desktop\.NET\Labs\Dictionary\Dictionary.Tests\bin\Debug\net5.0\fine-code-coverage\build-output\testhost.exe' with command line ' --runtimeconfig "C:\Users\Paul\Desktop\.NET\Labs\Dictionary\Dictionary.Tests\bin\Debug\net5.0\fine-code-coverage\build-output\Dictionary.Tests.runtimeconfig.json" --depsfile "C:\Users\Paul\Desktop\.NET\Labs\Dictionary\Dictionary.Tests\bin\Debug\net5.0\fine-code-coverage\build-output\Dictionary.Tests.deps.json" --port 1082 --endpoint 127.0.0.1:01082 --role client --parentprocessid 3900 --diag "C:\Users\Paul\Desktop\.NET\Labs\Dictionary\Dictionary.Tests\bin\Debug\net5.0\fine-code-coverage\coverage-tool-output\diagnostics.host.21-12-16_17-05-10_10481_6.log" --tracelevel 4 --datacollectionport 1081 --telemetryoptedin false'
TpTrace Verbose: 0 : 3900, 4, 2021/12/16, 17:05:10.112, 4468866182349, vstest.console.dll, Test Runtime launched
TpTrace Verbose: 0 : 3900, 6, 2021/12/16, 17:05:10.113, 4468866191873, vstest.console.dll, TestRequestSender.WaitForRequestHandlerConnection: waiting for connection with timeout: 90000
TpTrace Verbose: 0 : 3900, 10, 2021/12/16, 17:05:10.363, 4468868694824, vstest.console.dll, SocketServer.OnClientConnected: Client connected for endPoint: 127.0.0.1:1082, starting MessageLoopAsync:
TpTrace Verbose: 0 : 3900, 4, 2021/12/16, 17:05:10.363, 4468868698646, vstest.console.dll, TcpClientExtensions.MessageLoopAsync: Polling on remoteEndPoint: 127.0.0.1:1083 localEndPoint: 127.0.0.1:1082
TpTrace Verbose: 0 : 3900, 4, 2021/12/16, 17:05:10.576, 4468870827486, vstest.console.dll, TcpClientExtensions.MessageLoopAsync: NotifyDataAvailable remoteEndPoint: 127.0.0.1:1083 localEndPoint: 127.0.0.1:1082
TpTrace Verbose: 0 : 3900, 4, 2021/12/16, 17:05:10.576, 4468870830263, vstest.console.dll, TestRequestSender.CheckVersionWithTestHost: onMessageReceived received message: (ProtocolVersion) -> 5
TpTrace Verbose: 0 : 3900, 4, 2021/12/16, 17:05:10.577, 4468870834710, vstest.console.dll, TcpClientExtensions.MessageLoopAsync: Polling on remoteEndPoint: 127.0.0.1:1083 localEndPoint: 127.0.0.1:1082
TpTrace Verbose: 0 : 3900, 6, 2021/12/16, 17:05:10.577, 4468870835999, vstest.console.dll, TestPluginCache.GetExtensionPaths: Filtered extension paths: 
TpTrace Verbose: 0 : 3900, 6, 2021/12/16, 17:05:10.577, 4468870836957, vstest.console.dll, TestPluginCache.GetExtensionPaths: Added default extension paths: C:\Program Files\dotnet\sdk\5.0.403\Extensions\Microsoft.Diagnostics.NETCore.Client.dll
C:\Program Files\dotnet\sdk\5.0.403\Extensions\Microsoft.TestPlatform.Extensions.BlameDataCollector.dll
C:\Program Files\dotnet\sdk\5.0.403\Extensions\Microsoft.TestPlatform.Extensions.EventLogCollector.dll
C:\Program Files\dotnet\sdk\5.0.403\Extensions\Microsoft.TestPlatform.TestHostRuntimeProvider.dll
C:\Program Files\dotnet\sdk\5.0.403\Extensions\Microsoft.VisualStudio.TestPlatform.Extensions.Html.TestLogger.dll
C:\Program Files\dotnet\sdk\5.0.403\Extensions\Microsoft.VisualStudio.TestPlatform.Extensions.Trx.TestLogger.dll
TpTrace Verbose: 0 : 3900, 6, 2021/12/16, 17:05:10.577, 4468870837913, vstest.console.dll, TestPluginCache.GetExtensionPaths: Added unfilterableExtensionPaths: 
TpTrace Verbose: 0 : 3900, 6, 2021/12/16, 17:05:10.584, 4468870902113, vstest.console.dll, TestRequestSender.InitializeExecution: Sending initializing execution with message: {"Version":5,"MessageType":"TestExecution.Initialize","Payload":["C:\\Users\\Paul\\Desktop\\.NET\\Labs\\Dictionary\\Dictionary.Tests\\bin\\Debug\\net5.0\\fine-code-coverage\\build-output\\NUnit3.TestAdapter.dll"]}
TpTrace Verbose: 0 : 3900, 6, 2021/12/16, 17:05:10.593, 4468870994011, vstest.console.dll, TestRequestSender.StartTestRun: Sending test run with message: {"Version":5,"MessageType":"TestExecution.StartWithSources","Payload":{"AdapterSourceMap":{"_none_":["C:\\Users\\Paul\\Desktop\\.NET\\Labs\\Dictionary\\Dictionary.Tests\\bin\\Debug\\net5.0\\fine-code-coverage\\build-output\\Dictionary.Tests.dll"]},"RunSettings":"<RunSettings>\r\n  <RunConfiguration>\r\n    <ResultsDirectory>C:\\Users\\Paul\\Desktop\\.NET\\Labs\\Dictionary\\Dictionary.Tests\\bin\\Debug\\net5.0\\fine-code-coverage\\coverage-tool-output</ResultsDirectory>\r\n    <TargetPlatform>X64</TargetPlatform>\r\n    <TargetFrameworkVersion>.NETCoreApp,Version=v5.0</TargetFrameworkVersion>\r\n    <DesignMode>False</DesignMode>\r\n    <CollectSourceInformation>False</CollectSourceInformation>\r\n  </RunConfiguration>\r\n  <LoggerRunSettings>\r\n    <Loggers>\r\n      <Logger friendlyName=\"blame\" enabled=\"True\" />\r\n      <Logger friendlyName=\"Console\" uri=\"logger://microsoft/TestPlatform/ConsoleLogger/v1\" assemblyQualifiedName=\"Microsoft.VisualStudio.TestPlatform.CommandLine.Internal.ConsoleLogger, vstest.console, Version=15.0.0.0, Culture=neutral, PublicKeyToken=b03f5f7f11d50a3a\" codeBase=\"C:\\Program Files\\dotnet\\sdk\\5.0.403\\vstest.console.dll\" enabled=\"True\" />\r\n    </Loggers>\r\n  </LoggerRunSettings>\r\n  <DataCollectionRunSettings>\r\n    <DataCollectors>\r\n      <DataCollector friendlyName=\"blame\" enabled=\"True\">\r\n        <Configuration>\r\n          <ResultsDirectory>C:\\Users\\Paul\\Desktop\\.NET\\Labs\\Dictionary\\Dictionary.Tests\\bin\\Debug\\net5.0\\fine-code-coverage\\coverage-tool-output</ResultsDirectory>\r\n        </Configuration>\r\n      </DataCollector>\r\n    </DataCollectors>\r\n  </DataCollectionRunSettings>\r\n</RunSettings>","TestExecutionContext":{"FrequencyOfRunStatsChangeEvent":10,"RunStatsChangeEventTimeout":"00:00:01.5000000","InIsolation":false,"KeepAlive":false,"AreTestCaseLevelEventsRequired":false,"IsDebug":false,"TestCaseFilter":null,"FilterOptions":null},"Package":null}}
TpTrace Verbose: 0 : 3900, 4, 2021/12/16, 17:05:10.594, 4468871007351, vstest.console.dll, TcpClientExtensions.MessageLoopAsync: NotifyDataAvailable remoteEndPoint: 127.0.0.1:1083 localEndPoint: 127.0.0.1:1082
TpTrace Verbose: 0 : 3900, 4, 2021/12/16, 17:05:10.594, 4468871009219, vstest.console.dll, TestRequestSender.OnExecutionMessageReceived: Received message: {"Version":5,"MessageType":"TestSession.Message","Payload":{"MessageLevel":0,"Message":"Ведение журналов диагностики TestHost в файле: C:\\Users\\Paul\\Desktop\\.NET\\Labs\\Dictionary\\Dictionary.Tests\\bin\\Debug\\net5.0\\fine-code-coverage\\coverage-tool-output\\diagnostics.host.21-12-16_17-05-10_10481_6.log"}}
TpTrace Verbose: 0 : 3900, 4, 2021/12/16, 17:05:10.598, 4468871042972, vstest.console.dll, TestRunRequest:SendTestRunMessage: Starting.
TpTrace Information: 0 : 3900, 4, 2021/12/16, 17:05:10.598, 4468871044318, vstest.console.dll, TestRunRequest:SendTestRunMessage: Completed.
TpTrace Verbose: 0 : 3900, 4, 2021/12/16, 17:05:10.598, 4468871044854, vstest.console.dll, TcpClientExtensions.MessageLoopAsync: Polling on remoteEndPoint: 127.0.0.1:1083 localEndPoint: 127.0.0.1:1082
TpTrace Verbose: 0 : 3900, 4, 2021/12/16, 17:05:10.799, 4468873059853, vstest.console.dll, TcpClientExtensions.MessageLoopAsync: NotifyDataAvailable remoteEndPoint: 127.0.0.1:1083 localEndPoint: 127.0.0.1:1082
TpTrace Verbose: 0 : 3900, 4, 2021/12/16, 17:05:10.800, 4468873061874, vstest.console.dll, TestRequestSender.OnExecutionMessageReceived: Received message: {"Version":5,"MessageType":"TestSession.Message","Payload":{"MessageLevel":0,"Message":"NUnit Adapter 3.17.0.0: Test execution started"}}
TpTrace Verbose: 0 : 3900, 4, 2021/12/16, 17:05:10.800, 4468873066173, vstest.console.dll, TestRunRequest:SendTestRunMessage: Starting.
TpTrace Information: 0 : 3900, 4, 2021/12/16, 17:05:10.800, 4468873067316, vstest.console.dll, TestRunRequest:SendTestRunMessage: Completed.
TpTrace Verbose: 0 : 3900, 4, 2021/12/16, 17:05:10.800, 4468873068212, vstest.console.dll, TcpClientExtensions.MessageLoopAsync: Polling on remoteEndPoint: 127.0.0.1:1083 localEndPoint: 127.0.0.1:1082
TpTrace Verbose: 0 : 3900, 4, 2021/12/16, 17:05:10.850, 4468873563056, vstest.console.dll, TcpClientExtensions.MessageLoopAsync: NotifyDataAvailable remoteEndPoint: 127.0.0.1:1083 localEndPoint: 127.0.0.1:1082
TpTrace Verbose: 0 : 3900, 4, 2021/12/16, 17:05:10.851, 4468873571129, vstest.console.dll, TestRequestSender.OnExecutionMessageReceived: Received message: {"Version":5,"MessageType":"TestSession.Message","Payload":{"MessageLevel":0,"Message":"Running all tests in C:\\Users\\Paul\\Desktop\\.NET\\Labs\\Dictionary\\Dictionary.Tests\\bin\\Debug\\net5.0\\fine-code-coverage\\build-output\\Dictionary.Tests.dll"}}
TpTrace Verbose: 0 : 3900, 4, 2021/12/16, 17:05:10.851, 4468873575705, vstest.console.dll, TestRunRequest:SendTestRunMessage: Starting.
TpTrace Information: 0 : 3900, 4, 2021/12/16, 17:05:10.851, 4468873577230, vstest.console.dll, TestRunRequest:SendTestRunMessage: Completed.
TpTrace Verbose: 0 : 3900, 4, 2021/12/16, 17:05:10.851, 4468873577999, vstest.console.dll, TcpClientExtensions.MessageLoopAsync: Polling on remoteEndPoint: 127.0.0.1:1083 localEndPoint: 127.0.0.1:1082
TpTrace Verbose: 0 : 3900, 4, 2021/12/16, 17:05:11.094, 4468876006515, vstest.console.dll, TcpClientExtensions.MessageLoopAsync: NotifyDataAvailable remoteEndPoint: 127.0.0.1:1083 localEndPoint: 127.0.0.1:1082
TpTrace Verbose: 0 : 3900, 4, 2021/12/16, 17:05:11.094, 4468876007708, vstest.console.dll, TestRequestSender.OnExecutionMessageReceived: Received message: {"Version":5,"MessageType":"TestSession.Message","Payload":{"MessageLevel":0,"Message":"   NUnit3TestExecutor discovered 42 of 42 NUnit test cases"}}
TpTrace Verbose: 0 : 3900, 4, 2021/12/16, 17:05:11.094, 4468876009457, vstest.console.dll, TestRunRequest:SendTestRunMessage: Starting.
TpTrace Information: 0 : 3900, 4, 2021/12/16, 17:05:11.094, 4468876010164, vstest.console.dll, TestRunRequest:SendTestRunMessage: Completed.
TpTrace Verbose: 0 : 3900, 4, 2021/12/16, 17:05:11.095, 4468876010807, vstest.console.dll, TcpClientExtensions.MessageLoopAsync: Polling on remoteEndPoint: 127.0.0.1:1083 localEndPoint: 127.0.0.1:1082
TpTrace Verbose: 0 : 3900, 4, 2021/12/16, 17:05:11.287, 4468877939526, vstest.console.dll, TcpClientExtensions.MessageLoopAsync: NotifyDataAvailable remoteEndPoint: 127.0.0.1:1083 localEndPoint: 127.0.0.1:1082
TpTrace Verbose: 0 : 3900, 4, 2021/12/16, 17:05:11.288, 4468877941784, vstest.console.dll, TestRequestSender.OnExecutionMessageReceived: Received message: {"Version":5,"MessageType":"TestExecution.StatsChange","Payload":{"NewTestResults":[{"TestCase":{"Id":"e9ef875c-c96a-68cd-13ff-1c44102b9a79","FullyQualifiedName":"Dictionary.Tests.MyDictionatyTests.AddItem_AddInEmptyItem_AddingElem(0,\"Zero\")","DisplayName":"AddItem_AddInEmptyItem_AddingElem(0,\"Zero\")","ExecutorUri":"executor://NUnit3TestExecutor","Source":"C:\\Users\\Paul\\Desktop\\.NET\\Labs\\Dictionary\\Dictionary.Tests\\bin\\Debug\\net5.0\\fine-code-coverage\\build-output\\Dictionary.Tests.dll","CodeFilePath":null,"LineNumber":0,"Properties":[]},"Attachments":[],"Outcome":1,"ErrorMessage":null,"ErrorStackTrace":null,"DisplayName":"AddItem_AddInEmptyItem_AddingElem(0,\"Zero\")","Messages":[],"ComputerName":"DESKTOP-40R6GFN","Duration":"00:00:00.0215190","StartTime":"2021-12-16T15:05:11.1558951+00:00","EndTime":"2021-12-16T15:05:11.177304+00:00","Properties":[]},{"TestCase":{"Id":"9fc12a79-9137-e2fc-9ef4-1763670188e9","FullyQualifiedName":"Dictionary.Tests.MyDictionatyTests.AddItem_AddInEmptyItem_AddingElem(45,\"Addd\")","DisplayName":"AddItem_AddInEmptyItem_AddingElem(45,\"Addd\")","ExecutorUri":"executor://NUnit3TestExecutor","Source":"C:\\Users\\Paul\\Desktop\\.NET\\Labs\\Dictionary\\Dictionary.Tests\\bin\\Debug\\net5.0\\fine-code-coverage\\build-output\\Dictionary.Tests.dll","CodeFilePath":null,"LineNumber":0,"Properties":[]},"Attachments":[],"Outcome":1,"ErrorMessage":null,"ErrorStackTrace":null,"DisplayName":"AddItem_AddInEmptyItem_AddingElem(45,\"Addd\")","Messages":[],"ComputerName":"DESKTOP-40R6GFN","Duration":"00:00:00.0001430","StartTime":"2021-12-16T15:05:11.1793799+00:00","EndTime":"2021-12-16T15:05:11.1795238+00:00","Properties":[]},{"TestCase":{"Id":"cee1f482-b7c4-14db-1982-8d6f3da83514","FullyQualifiedName":"Dictionary.Tests.MyDictionatyTests.AddItem_AddInEmptyItem_AddingElem(33,null)","DisplayName":"AddItem_AddInEmptyItem_AddingElem(33,null)","ExecutorUri":"executor://NUnit3TestExecutor","Source":"C:\\Users\\Paul\\Desktop\\.NET\\Labs\\Dictionary\\Dictionary.Tests\\bin\\Debug\\net5.0\\fine-code-coverage\\build-output\\Dictionary.Tests.dll","CodeFilePath":null,"LineNumber":0,"Properties":[]},"Attachments":[],"Outcome":1,"ErrorMessage":null,"ErrorStackTrace":null,"DisplayName":"AddItem_AddInEmptyItem_AddingElem(33,null)","Messages":[],"ComputerName":"DESKTOP-40R6GFN","Duration":"00:00:00.0000470","StartTime":"2021-12-16T15:05:11.1795437+00:00","EndTime":"2021-12-16T15:05:11.1795903+00:00","Properties":[]},{"TestCase":{"Id":"c9d0806b-d889-81cc-6d01-e6b56d7b46fb","FullyQualifiedName":"Dictionary.Tests.MyDictionatyTests.AddItem_TestExeption_ArgumentExceptionByKey","DisplayName":"AddItem_TestExeption_ArgumentExceptionByKey","ExecutorUri":"executor://NUnit3TestExecutor","Source":"C:\\Users\\Paul\\Desktop\\.NET\\Labs\\Dictionary\\Dictionary.Tests\\bin\\Debug\\net5.0\\fine-code-coverage\\build-output\\Dictionary.Tests.dll","CodeFilePath":null,"LineNumber":0,"Properties":[]},"Attachments":[],"Outcome":1,"ErrorMessage":null,"ErrorStackTrace":null,"DisplayName":"AddItem_TestExeption_ArgumentExceptionByKey","Messages":[],"ComputerName":"DESKTOP-40R6GFN","Duration":"00:00:00.0070750","StartTime":"2021-12-16T15:05:11.1811291+00:00","EndTime":"2021-12-16T15:05:11.1882022+00:00","Properties":[]},{"TestCase":{"Id":"19143c4e-482b-6c90-c8a8-84b1ad5b5671","FullyQualifiedName":"Dictionary.Tests.MyDictionatyTests.AddItem_TestExeption_ArgumentNullException","DisplayName":"AddItem_TestExeption_ArgumentNullException","ExecutorUri":"executor://NUnit3TestExecutor","Source":"C:\\Users\\Paul\\Desktop\\.NET\\Labs\\Dictionary\\Dictionary.Tests\\bin\\Debug\\net5.0\\fine-code-coverage\\build-output\\Dictionary.Tests.dll","CodeFilePath":null,"LineNumber":0,"Properties":[]},"Attachments":[],"Outcome":1,"ErrorMessage":null,"ErrorStackTrace":null,"DisplayName":"AddItem_TestExeption_ArgumentNullException","Messages":[],"ComputerName":"DESKTOP-40R6GFN","Duration":"00:00:00.0023690","StartTime":"2021-12-16T15:05:11.1882388+00:00","EndTime":"2021-12-16T15:05:11.1906073+00:00","Properties":[]},{"TestCase":{"Id":"2ebac784-27f9-a0b6-94a5-d01cb3718fb8","FullyQualifiedName":"Dictionary.Tests.MyDictionatyTests.AddItem_TestExeptionIsReadOnly_NotSupportedException","DisplayName":"AddItem_TestExeptionIsReadOnly_NotSupportedException","ExecutorUri":"executor://NUnit3TestExecutor","Source":"C:\\Users\\Paul\\Desktop\\.NET\\Labs\\Dictionary\\Dictionary.Tests\\bin\\Debug\\net5.0\\fine-code-coverage\\build-output\\Dictionary.Tests.dll","CodeFilePath":null,"LineNumber":0,"Properties":[]},"Attachments":[],"Outcome":1,"ErrorMessage":null,"ErrorStackTrace":null,"DisplayName":"AddItem_TestExeptionIsReadOnly_NotSupportedException","Messages":[],"ComputerName":"DESKTOP-40R6GFN","Duration":"00:00:00.0007330","StartTime":"2021-12-16T15:05:11.1906309+00:00","EndTime":"2021-12-16T15:05:11.1913633+00:00","Properties":[]},{"TestCase":{"Id":"7fc4311d-9228-2571-d79b-9aa2dc03da0c","FullyQualifiedName":"Dictionary.Tests.MyDictionatyTests.AddItem_WhenItemIsNotEmpty_FindingEmptyItemLeft","DisplayName":"AddItem_WhenItemIsNotEmpty_FindingEmptyItemLeft","ExecutorUri":"executor://NUnit3TestExecutor","Source":"C:\\Users\\Paul\\Desktop\\.NET\\Labs\\Dictionary\\Dictionary.Tests\\bin\\Debug\\net5.0\\fine-code-coverage\\build-output\\Dictionary.Tests.dll","CodeFilePath":null,"LineNumber":0,"Properties":[]},"Attachments":[],"Outcome":1,"ErrorMessage":null,"ErrorStackTrace":null,"DisplayName":"AddItem_WhenItemIsNotEmpty_FindingEmptyItemLeft","Messages":[],"ComputerName":"DESKTOP-40R6GFN","Duration":"00:00:00.0002690","StartTime":"2021-12-16T15:05:11.1913776+00:00","EndTime":"2021-12-16T15:05:11.1916464+00:00","Properties":[]},{"TestCase":{"Id":"836e4359-8396-f9f7-a3d9-865d94ba3999","FullyQualifiedName":"Dictionary.Tests.MyDictionatyTests.AddItem_WhenItemIsNotEmpty_FindingEmptyItemRight","DisplayName":"AddItem_WhenItemIsNotEmpty_FindingEmptyItemRight","ExecutorUri":"executor://NUnit3TestExecutor","Source":"C:\\Users\\Paul\\Desktop\\.NET\\Labs\\Dictionary\\Dictionary.Tests\\bin\\Debug\\net5.0\\fine-code-coverage\\build-output\\Dictionary.Tests.dll","CodeFilePath":null,"LineNumber":0,"Properties":[]},"Attachments":[],"Outcome":1,"ErrorMessage":null,"ErrorStackTrace":null,"DisplayName":"AddItem_WhenItemIsNotEmpty_FindingEmptyItemRight","Messages":[],"ComputerName":"DESKTOP-40R6GFN","Duration":"00:00:00.0002030","StartTime":"2021-12-16T15:05:11.1916587+00:00","EndTime":"2021-12-16T15:05:11.1918612+00:00","Properties":[]},{"TestCase":{"Id":"9fc66c5e-55c5-589e-2317-e7e31b41929d","FullyQualifiedName":"Dictionary.Tests.MyDictionatyTests.AddKeyVal__AddInEmptyItem_AddingElem(0,\"Zero\")","DisplayName":"AddKeyVal__AddInEmptyItem_AddingElem(0,\"Zero\")","ExecutorUri":"executor://NUnit3TestExecutor","Source":"C:\\Users\\Paul\\Desktop\\.NET\\Labs\\Dictionary\\Dictionary.Tests\\bin\\Debug\\net5.0\\fine-code-coverage\\build-output\\Dictionary.Tests.dll","CodeFilePath":null,"LineNumber":0,"Properties":[]},"Attachments":[],"Outcome":1,"ErrorMessage":null,"ErrorStackTrace":null,"DisplayName":"AddKeyVal__AddInEmptyItem_AddingElem(0,\"Zero\")","Messages":[],"ComputerName":"DESKTOP-40R6GFN","Duration":"00:00:00.0001930","StartTime":"2021-12-16T15:05:11.1918912+00:00","EndTime":"2021-12-16T15:05:11.1920834+00:00","Properties":[]}],"TestRunStatistics":{"ExecutedTests":9,"Stats":{"Passed":9}},"ActiveTests":[{"Id":"dfb8395a-230f-57e6-9550-2240cb87284b","FullyQualifiedName":"Dictionary.Tests.MyDictionatyTests.AddKeyVal__AddInEmptyItem_AddingElem(45,\"Addd\")","DisplayName":"AddKeyVal__AddInEmptyItem_AddingElem(45,\"Addd\")","ExecutorUri":"executor://NUnit3TestExecutor","Source":"C:\\Users\\Paul\\Desktop\\.NET\\Labs\\Dictionary\\Dictionary.Tests\\bin\\Debug\\net5.0\\fine-code-coverage\\build-output\\Dictionary.Tests.dll","CodeFilePath":null,"LineNumber":0,"Properties":[]}]}}
TpTrace Verbose: 0 : 3900, 4, 2021/12/16, 17:05:11.314, 4468878200628, vstest.console.dll, TestRunRequest:SendTestRunStatsChange: Starting.
TpTrace Verbose: 0 : 3900, 4, 2021/12/16, 17:05:11.314, 4468878201841, vstest.console.dll, InProgress is AddKeyVal__AddInEmptyItem_AddingElem(45,"Addd")
TpTrace Information: 0 : 3900, 4, 2021/12/16, 17:05:11.314, 4468878204599, vstest.console.dll, TestRunRequest:SendTestRunStatsChange: Completed.
TpTrace Verbose: 0 : 3900, 4, 2021/12/16, 17:05:11.314, 4468878205603, vstest.console.dll, TcpClientExtensions.MessageLoopAsync: Polling on remoteEndPoint: 127.0.0.1:1083 localEndPoint: 127.0.0.1:1082
TpTrace Verbose: 0 : 3900, 4, 2021/12/16, 17:05:11.320, 4468878264584, vstest.console.dll, TcpClientExtensions.MessageLoopAsync: NotifyDataAvailable remoteEndPoint: 127.0.0.1:1083 localEndPoint: 127.0.0.1:1082
TpTrace Verbose: 0 : 3900, 4, 2021/12/16, 17:05:11.320, 4468878266834, vstest.console.dll, TestRequestSender.OnExecutionMessageReceived: Received message: {"Version":5,"MessageType":"TestExecution.StatsChange","Payload":{"NewTestResults":[{"TestCase":{"Id":"dfb8395a-230f-57e6-9550-2240cb87284b","FullyQualifiedName":"Dictionary.Tests.MyDictionatyTests.AddKeyVal__AddInEmptyItem_AddingElem(45,\"Addd\")","DisplayName":"AddKeyVal__AddInEmptyItem_AddingElem(45,\"Addd\")","ExecutorUri":"executor://NUnit3TestExecutor","Source":"C:\\Users\\Paul\\Desktop\\.NET\\Labs\\Dictionary\\Dictionary.Tests\\bin\\Debug\\net5.0\\fine-code-coverage\\build-output\\Dictionary.Tests.dll","CodeFilePath":null,"LineNumber":0,"Properties":[]},"Attachments":[],"Outcome":1,"ErrorMessage":null,"ErrorStackTrace":null,"DisplayName":"AddKeyVal__AddInEmptyItem_AddingElem(45,\"Addd\")","Messages":[],"ComputerName":"DESKTOP-40R6GFN","Duration":"00:00:00.0000470","StartTime":"2021-12-16T15:05:11.1920949+00:00","EndTime":"2021-12-16T15:05:11.1921421+00:00","Properties":[]},{"TestCase":{"Id":"f7d0f688-454f-a6f2-72e5-08ac9d12b80c","FullyQualifiedName":"Dictionary.Tests.MyDictionatyTests.AddKeyVal__AddInEmptyItem_AddingElem(33,null)","DisplayName":"AddKeyVal__AddInEmptyItem_AddingElem(33,null)","ExecutorUri":"executor://NUnit3TestExecutor","Source":"C:\\Users\\Paul\\Desktop\\.NET\\Labs\\Dictionary\\Dictionary.Tests\\bin\\Debug\\net5.0\\fine-code-coverage\\build-output\\Dictionary.Tests.dll","CodeFilePath":null,"LineNumber":0,"Properties":[]},"Attachments":[],"Outcome":1,"ErrorMessage":null,"ErrorStackTrace":null,"DisplayName":"AddKeyVal__AddInEmptyItem_AddingElem(33,null)","Messages":[],"ComputerName":"DESKTOP-40R6GFN","Duration":"00:00:00.0000430","StartTime":"2021-12-16T15:05:11.1921509+00:00","EndTime":"2021-12-16T15:05:11.1921939+00:00","Properties":[]},{"TestCase":{"Id":"b153d6f6-2d45-97e4-3792-1926950ef06d","FullyQualifiedName":"Dictionary.Tests.MyDictionatyTests.Capacity_ExeptionTest_InvalidOperationException","DisplayName":"Capacity_ExeptionTest_InvalidOperationException","ExecutorUri":"executor://NUnit3TestExecutor","Source":"C:\\Users\\Paul\\Desktop\\.NET\\Labs\\Dictionary\\Dictionary.Tests\\bin\\Debug\\net5.0\\fine-code-coverage\\build-output\\Dictionary.Tests.dll","CodeFilePath":null,"LineNumber":0,"Properties":[]},"Attachments":[],"Outcome":1,"ErrorMessage":null,"ErrorStackTrace":null,"DisplayName":"Capacity_ExeptionTest_InvalidOperationException","Messages":[],"ComputerName":"DESKTOP-40R6GFN","Duration":"00:00:00.0005220","StartTime":"2021-12-16T15:05:11.1922467+00:00","EndTime":"2021-12-16T15:05:11.1927682+00:00","Properties":[]},{"TestCase":{"Id":"d798d38e-d3ff-346f-1fd9-0733d546ebb8","FullyQualifiedName":"Dictionary.Tests.MyDictionatyTests.Capacity_GettingCapacity_GetCapacityDict","DisplayName":"Capacity_GettingCapacity_GetCapacityDict","ExecutorUri":"executor://NUnit3TestExecutor","Source":"C:\\Users\\Paul\\Desktop\\.NET\\Labs\\Dictionary\\Dictionary.Tests\\bin\\Debug\\net5.0\\fine-code-coverage\\build-output\\Dictionary.Tests.dll","CodeFilePath":null,"LineNumber":0,"Properties":[]},"Attachments":[],"Outcome":1,"ErrorMessage":null,"ErrorStackTrace":null,"DisplayName":"Capacity_GettingCapacity_GetCapacityDict","Messages":[],"ComputerName":"DESKTOP-40R6GFN","Duration":"00:00:00.0002360","StartTime":"2021-12-16T15:05:11.1927807+00:00","EndTime":"2021-12-16T15:05:11.1930163+00:00","Properties":[]},{"TestCase":{"Id":"65ae99f5-3f9e-92a3-6f70-56f1495832d7","FullyQualifiedName":"Dictionary.Tests.MyDictionatyTests.Clear_DictClearing_ClearDict","DisplayName":"Clear_DictClearing_ClearDict","ExecutorUri":"executor://NUnit3TestExecutor","Source":"C:\\Users\\Paul\\Desktop\\.NET\\Labs\\Dictionary\\Dictionary.Tests\\bin\\Debug\\net5.0\\fine-code-coverage\\build-output\\Dictionary.Tests.dll","CodeFilePath":null,"LineNumber":0,"Properties":[]},"Attachments":[],"Outcome":1,"ErrorMessage":null,"ErrorStackTrace":null,"DisplayName":"Clear_DictClearing_ClearDict","Messages":[],"ComputerName":"DESKTOP-40R6GFN","Duration":"00:00:00.0003600","StartTime":"2021-12-16T15:05:11.193028+00:00","EndTime":"2021-12-16T15:05:11.1933873+00:00","Properties":[]},{"TestCase":{"Id":"0bf6719c-b0cc-a221-e397-e0eae3ec53ac","FullyQualifiedName":"Dictionary.Tests.MyDictionatyTests.Clear_TestExeptionIsReadOnly_NotSupportedException","DisplayName":"Clear_TestExeptionIsReadOnly_NotSupportedException","ExecutorUri":"executor://NUnit3TestExecutor","Source":"C:\\Users\\Paul\\Desktop\\.NET\\Labs\\Dictionary\\Dictionary.Tests\\bin\\Debug\\net5.0\\fine-code-coverage\\build-output\\Dictionary.Tests.dll","CodeFilePath":null,"LineNumber":0,"Properties":[]},"Attachments":[],"Outcome":1,"ErrorMessage":null,"ErrorStackTrace":null,"DisplayName":"Clear_TestExeptionIsReadOnly_NotSupportedException","Messages":[],"ComputerName":"DESKTOP-40R6GFN","Duration":"00:00:00.0003850","StartTime":"2021-12-16T15:05:11.1934106+00:00","EndTime":"2021-12-16T15:05:11.1937955+00:00","Properties":[]},{"TestCase":{"Id":"09792ba2-14f8-713b-6b64-73513b3ea4ff","FullyQualifiedName":"Dictionary.Tests.MyDictionatyTests.Contains_DictContainItem_BeFalse","DisplayName":"Contains_DictContainItem_BeFalse","ExecutorUri":"executor://NUnit3TestExecutor","Source":"C:\\Users\\Paul\\Desktop\\.NET\\Labs\\Dictionary\\Dictionary.Tests\\bin\\Debug\\net5.0\\fine-code-coverage\\build-output\\Dictionary.Tests.dll","CodeFilePath":null,"LineNumber":0,"Properties":[]},"Attachments":[],"Outcome":1,"ErrorMessage":null,"ErrorStackTrace":null,"DisplayName":"Contains_DictContainItem_BeFalse","Messages":[],"ComputerName":"DESKTOP-40R6GFN","Duration":"00:00:00.0009000","StartTime":"2021-12-16T15:05:11.1938078+00:00","EndTime":"2021-12-16T15:05:11.1947071+00:00","Properties":[]},{"TestCase":{"Id":"b39b1c12-e3fb-9ae9-d2ff-150f755d236d","FullyQualifiedName":"Dictionary.Tests.MyDictionatyTests.Contains_DictContainItem_BeTrue","DisplayName":"Contains_DictContainItem_BeTrue","ExecutorUri":"executor://NUnit3TestExecutor","Source":"C:\\Users\\Paul\\Desktop\\.NET\\Labs\\Dictionary\\Dictionary.Tests\\bin\\Debug\\net5.0\\fine-code-coverage\\build-output\\Dictionary.Tests.dll","CodeFilePath":null,"LineNumber":0,"Properties":[]},"Attachments":[],"Outcome":1,"ErrorMessage":null,"ErrorStackTrace":null,"DisplayName":"Contains_DictContainItem_BeTrue","Messages":[],"ComputerName":"DESKTOP-40R6GFN","Duration":"00:00:00.0003630","StartTime":"2021-12-16T15:05:11.1947326+00:00","EndTime":"2021-12-16T15:05:11.195095+00:00","Properties":[]},{"TestCase":{"Id":"a9bbeb90-66f9-0fa7-e585-1811fe675293","FullyQualifiedName":"Dictionary.Tests.MyDictionatyTests.ContainsKey_DictContainItem_BeFalse","DisplayName":"ContainsKey_DictContainItem_BeFalse","ExecutorUri":"executor://NUnit3TestExecutor","Source":"C:\\Users\\Paul\\Desktop\\.NET\\Labs\\Dictionary\\Dictionary.Tests\\bin\\Debug\\net5.0\\fine-code-coverage\\build-output\\Dictionary.Tests.dll","CodeFilePath":null,"LineNumber":0,"Properties":[]},"Attachments":[],"Outcome":1,"ErrorMessage":null,"ErrorStackTrace":null,"DisplayName":"ContainsKey_DictContainItem_BeFalse","Messages":[],"ComputerName":"DESKTOP-40R6GFN","Duration":"00:00:00.0002590","StartTime":"2021-12-16T15:05:11.1951084+00:00","EndTime":"2021-12-16T15:05:11.1953674+00:00","Properties":[]}],"TestRunStatistics":{"ExecutedTests":18,"Stats":{"Passed":18}},"ActiveTests":[{"Id":"8dea7d23-ece9-7fc8-d481-631954635ccb","FullyQualifiedName":"Dictionary.Tests.MyDictionatyTests.ContainsKey_DictContainItem_BeTrue","DisplayName":"ContainsKey_DictContainItem_BeTrue","ExecutorUri":"executor://NUnit3TestExecutor","Source":"C:\\Users\\Paul\\Desktop\\.NET\\Labs\\Dictionary\\Dictionary.Tests\\bin\\Debug\\net5.0\\fine-code-coverage\\build-output\\Dictionary.Tests.dll","CodeFilePath":null,"LineNumber":0,"Properties":[]}]}}
TpTrace Verbose: 0 : 3900, 4, 2021/12/16, 17:05:11.322, 4468878288135, vstest.console.dll, TestRunRequest:SendTestRunStatsChange: Starting.
TpTrace Verbose: 0 : 3900, 4, 2021/12/16, 17:05:11.322, 4468878288969, vstest.console.dll, InProgress is ContainsKey_DictContainItem_BeTrue
TpTrace Information: 0 : 3900, 4, 2021/12/16, 17:05:11.322, 4468878289586, vstest.console.dll, TestRunRequest:SendTestRunStatsChange: Completed.
TpTrace Verbose: 0 : 3900, 4, 2021/12/16, 17:05:11.322, 4468878289970, vstest.console.dll, TcpClientExtensions.MessageLoopAsync: Polling on remoteEndPoint: 127.0.0.1:1083 localEndPoint: 127.0.0.1:1082
TpTrace Verbose: 0 : 3900, 4, 2021/12/16, 17:05:11.338, 4468878440807, vstest.console.dll, TcpClientExtensions.MessageLoopAsync: NotifyDataAvailable remoteEndPoint: 127.0.0.1:1083 localEndPoint: 127.0.0.1:1082
TpTrace Verbose: 0 : 3900, 4, 2021/12/16, 17:05:11.338, 4468878443109, vstest.console.dll, TestRequestSender.OnExecutionMessageReceived: Received message: {"Version":5,"MessageType":"TestExecution.StatsChange","Payload":{"NewTestResults":[{"TestCase":{"Id":"8dea7d23-ece9-7fc8-d481-631954635ccb","FullyQualifiedName":"Dictionary.Tests.MyDictionatyTests.ContainsKey_DictContainItem_BeTrue","DisplayName":"ContainsKey_DictContainItem_BeTrue","ExecutorUri":"executor://NUnit3TestExecutor","Source":"C:\\Users\\Paul\\Desktop\\.NET\\Labs\\Dictionary\\Dictionary.Tests\\bin\\Debug\\net5.0\\fine-code-coverage\\build-output\\Dictionary.Tests.dll","CodeFilePath":null,"LineNumber":0,"Properties":[]},"Attachments":[],"Outcome":1,"ErrorMessage":null,"ErrorStackTrace":null,"DisplayName":"ContainsKey_DictContainItem_BeTrue","Messages":[],"ComputerName":"DESKTOP-40R6GFN","Duration":"00:00:00.0001480","StartTime":"2021-12-16T15:05:11.1953799+00:00","EndTime":"2021-12-16T15:05:11.1955279+00:00","Properties":[]},{"TestCase":{"Id":"541385b0-d274-b37d-5ae4-771aa782f623","FullyQualifiedName":"Dictionary.Tests.MyDictionatyTests.CopyTo_CopyInArr_ElementsContainsInArr","DisplayName":"CopyTo_CopyInArr_ElementsContainsInArr","ExecutorUri":"executor://NUnit3TestExecutor","Source":"C:\\Users\\Paul\\Desktop\\.NET\\Labs\\Dictionary\\Dictionary.Tests\\bin\\Debug\\net5.0\\fine-code-coverage\\build-output\\Dictionary.Tests.dll","CodeFilePath":null,"LineNumber":0,"Properties":[]},"Attachments":[],"Outcome":1,"ErrorMessage":null,"ErrorStackTrace":null,"DisplayName":"CopyTo_CopyInArr_ElementsContainsInArr","Messages":[],"ComputerName":"DESKTOP-40R6GFN","Duration":"00:00:00.0135240","StartTime":"2021-12-16T15:05:11.1955396+00:00","EndTime":"2021-12-16T15:05:11.209062+00:00","Properties":[]},{"TestCase":{"Id":"c58f52c4-fc30-6b60-15e8-080520c426a3","FullyQualifiedName":"Dictionary.Tests.MyDictionatyTests.CopyTo_TestExeption_ArgumentException","DisplayName":"CopyTo_TestExeption_ArgumentException","ExecutorUri":"executor://NUnit3TestExecutor","Source":"C:\\Users\\Paul\\Desktop\\.NET\\Labs\\Dictionary\\Dictionary.Tests\\bin\\Debug\\net5.0\\fine-code-coverage\\build-output\\Dictionary.Tests.dll","CodeFilePath":null,"LineNumber":0,"Properties":[]},"Attachments":[],"Outcome":1,"ErrorMessage":null,"ErrorStackTrace":null,"DisplayName":"CopyTo_TestExeption_ArgumentException","Messages":[],"ComputerName":"DESKTOP-40R6GFN","Duration":"00:00:00.0008060","StartTime":"2021-12-16T15:05:11.2090894+00:00","EndTime":"2021-12-16T15:05:11.209894+00:00","Properties":[]},{"TestCase":{"Id":"61c0abcf-55d2-cd16-e394-72081e22b5bf","FullyQualifiedName":"Dictionary.Tests.MyDictionatyTests.CopyTo_TestExeption_ArgumentNullException","DisplayName":"CopyTo_TestExeption_ArgumentNullException","ExecutorUri":"executor://NUnit3TestExecutor","Source":"C:\\Users\\Paul\\Desktop\\.NET\\Labs\\Dictionary\\Dictionary.Tests\\bin\\Debug\\net5.0\\fine-code-coverage\\build-output\\Dictionary.Tests.dll","CodeFilePath":null,"LineNumber":0,"Properties":[]},"Attachments":[],"Outcome":1,"ErrorMessage":null,"ErrorStackTrace":null,"DisplayName":"CopyTo_TestExeption_ArgumentNullException","Messages":[],"ComputerName":"DESKTOP-40R6GFN","Duration":"00:00:00.0006770","StartTime":"2021-12-16T15:05:11.209915+00:00","EndTime":"2021-12-16T15:05:11.2105907+00:00","Properties":[]},{"TestCase":{"Id":"ebb027fb-541b-4247-ed08-176ffc797fb5","FullyQualifiedName":"Dictionary.Tests.MyDictionatyTests.CopyTo_TestExeption_ArgumentOutOfRangeException(-4)","DisplayName":"CopyTo_TestExeption_ArgumentOutOfRangeException(-4)","ExecutorUri":"executor://NUnit3TestExecutor","Source":"C:\\Users\\Paul\\Desktop\\.NET\\Labs\\Dictionary\\Dictionary.Tests\\bin\\Debug\\net5.0\\fine-code-coverage\\build-output\\Dictionary.Tests.dll","CodeFilePath":null,"LineNumber":0,"Properties":[]},"Attachments":[],"Outcome":1,"ErrorMessage":null,"ErrorStackTrace":null,"DisplayName":"CopyTo_TestExeption_ArgumentOutOfRangeException(-4)","Messages":[],"ComputerName":"DESKTOP-40R6GFN","Duration":"00:00:00.0009950","StartTime":"2021-12-16T15:05:11.2106421+00:00","EndTime":"2021-12-16T15:05:11.2116363+00:00","Properties":[]},{"TestCase":{"Id":"eba5b592-78ee-4523-d763-d23d4c5d34f8","FullyQualifiedName":"Dictionary.Tests.MyDictionatyTests.CopyTo_TestExeption_ArgumentOutOfRangeException(12)","DisplayName":"CopyTo_TestExeption_ArgumentOutOfRangeException(12)","ExecutorUri":"executor://NUnit3TestExecutor","Source":"C:\\Users\\Paul\\Desktop\\.NET\\Labs\\Dictionary\\Dictionary.Tests\\bin\\Debug\\net5.0\\fine-code-coverage\\build-output\\Dictionary.Tests.dll","CodeFilePath":null,"LineNumber":0,"Properties":[]},"Attachments":[],"Outcome":1,"ErrorMessage":null,"ErrorStackTrace":null,"DisplayName":"CopyTo_TestExeption_ArgumentOutOfRangeException(12)","Messages":[],"ComputerName":"DESKTOP-40R6GFN","Duration":"00:00:00.0003170","StartTime":"2021-12-16T15:05:11.2116568+00:00","EndTime":"2021-12-16T15:05:11.2119734+00:00","Properties":[]},{"TestCase":{"Id":"7269b605-7875-cea2-0d80-0122aa503a70","FullyQualifiedName":"Dictionary.Tests.MyDictionatyTests.Count_TakeCount_Count5","DisplayName":"Count_TakeCount_Count5","ExecutorUri":"executor://NUnit3TestExecutor","Source":"C:\\Users\\Paul\\Desktop\\.NET\\Labs\\Dictionary\\Dictionary.Tests\\bin\\Debug\\net5.0\\fine-code-coverage\\build-output\\Dictionary.Tests.dll","CodeFilePath":null,"LineNumber":0,"Properties":[]},"Attachments":[],"Outcome":1,"ErrorMessage":null,"ErrorStackTrace":null,"DisplayName":"Count_TakeCount_Count5","Messages":[],"ComputerName":"DESKTOP-40R6GFN","Duration":"00:00:00.0002610","StartTime":"2021-12-16T15:05:11.2120119+00:00","EndTime":"2021-12-16T15:05:11.2122726+00:00","Properties":[]},{"TestCase":{"Id":"bd84eb66-b0e1-bd35-e573-fcbcbe8f1ece","FullyQualifiedName":"Dictionary.Tests.MyDictionatyTests.GetIndexByKey_ElementWithThisKeyIsMiss_ReturnMinus1","DisplayName":"GetIndexByKey_ElementWithThisKeyIsMiss_ReturnMinus1","ExecutorUri":"executor://NUnit3TestExecutor","Source":"C:\\Users\\Paul\\Desktop\\.NET\\Labs\\Dictionary\\Dictionary.Tests\\bin\\Debug\\net5.0\\fine-code-coverage\\build-output\\Dictionary.Tests.dll","CodeFilePath":null,"LineNumber":0,"Properties":[]},"Attachments":[],"Outcome":1,"ErrorMessage":null,"ErrorStackTrace":null,"DisplayName":"GetIndexByKey_ElementWithThisKeyIsMiss_ReturnMinus1","Messages":[],"ComputerName":"DESKTOP-40R6GFN","Duration":"00:00:00.0005180","StartTime":"2021-12-16T15:05:11.2122896+00:00","EndTime":"2021-12-16T15:05:11.2128075+00:00","Properties":[]},{"TestCase":{"Id":"a62a78e4-10de-c5fe-76aa-df6a27532332","FullyQualifiedName":"Dictionary.Tests.MyDictionatyTests.Index_GettingByIndexEmptyElement_GetEmptyElem","DisplayName":"Index_GettingByIndexEmptyElement_GetEmptyElem","ExecutorUri":"executor://NUnit3TestExecutor","Source":"C:\\Users\\Paul\\Desktop\\.NET\\Labs\\Dictionary\\Dictionary.Tests\\bin\\Debug\\net5.0\\fine-code-coverage\\build-output\\Dictionary.Tests.dll","CodeFilePath":null,"LineNumber":0,"Properties":[]},"Attachments":[],"Outcome":1,"ErrorMessage":null,"ErrorStackTrace":null,"DisplayName":"Index_GettingByIndexEmptyElement_GetEmptyElem","Messages":[],"ComputerName":"DESKTOP-40R6GFN","Duration":"00:00:00.0014930","StartTime":"2021-12-16T15:05:11.2128259+00:00","EndTime":"2021-12-16T15:05:11.2143179+00:00","Properties":[]}],"TestRunStatistics":{"ExecutedTests":27,"Stats":{"Passed":27}},"ActiveTests":[{"Id":"d15f5f5a-1f80-be1d-5dcf-590b0b12ed92","FullyQualifiedName":"Dictionary.Tests.MyDictionatyTests.Index_GettingByIndexNotEmptyElement_GetElem","DisplayName":"Index_GettingByIndexNotEmptyElement_GetElem","ExecutorUri":"executor://NUnit3TestExecutor","Source":"C:\\Users\\Paul\\Desktop\\.NET\\Labs\\Dictionary\\Dictionary.Tests\\bin\\Debug\\net5.0\\fine-code-coverage\\build-output\\Dictionary.Tests.dll","CodeFilePath":null,"LineNumber":0,"Properties":[]}]}}
TpTrace Verbose: 0 : 3900, 4, 2021/12/16, 17:05:11.340, 4468878464651, vstest.console.dll, TestRunRequest:SendTestRunStatsChange: Starting.
TpTrace Verbose: 0 : 3900, 4, 2021/12/16, 17:05:11.340, 4468878465308, vstest.console.dll, InProgress is Index_GettingByIndexNotEmptyElement_GetElem
TpTrace Information: 0 : 3900, 4, 2021/12/16, 17:05:11.340, 4468878465953, vstest.console.dll, TestRunRequest:SendTestRunStatsChange: Completed.
TpTrace Verbose: 0 : 3900, 4, 2021/12/16, 17:05:11.340, 4468878466328, vstest.console.dll, TcpClientExtensions.MessageLoopAsync: Polling on remoteEndPoint: 127.0.0.1:1083 localEndPoint: 127.0.0.1:1082
TpTrace Verbose: 0 : 3900, 4, 2021/12/16, 17:05:11.357, 4468878633847, vstest.console.dll, TcpClientExtensions.MessageLoopAsync: NotifyDataAvailable remoteEndPoint: 127.0.0.1:1083 localEndPoint: 127.0.0.1:1082
TpTrace Verbose: 0 : 3900, 4, 2021/12/16, 17:05:11.357, 4468878635804, vstest.console.dll, TestRequestSender.OnExecutionMessageReceived: Received message: {"Version":5,"MessageType":"TestExecution.StatsChange","Payload":{"NewTestResults":[{"TestCase":{"Id":"d15f5f5a-1f80-be1d-5dcf-590b0b12ed92","FullyQualifiedName":"Dictionary.Tests.MyDictionatyTests.Index_GettingByIndexNotEmptyElement_GetElem","DisplayName":"Index_GettingByIndexNotEmptyElement_GetElem","ExecutorUri":"executor://NUnit3TestExecutor","Source":"C:\\Users\\Paul\\Desktop\\.NET\\Labs\\Dictionary\\Dictionary.Tests\\bin\\Debug\\net5.0\\fine-code-coverage\\build-output\\Dictionary.Tests.dll","CodeFilePath":null,"LineNumber":0,"Properties":[]},"Attachments":[],"Outcome":1,"ErrorMessage":null,"ErrorStackTrace":null,"DisplayName":"Index_GettingByIndexNotEmptyElement_GetElem","Messages":[],"ComputerName":"DESKTOP-40R6GFN","Duration":"00:00:00.0028920","StartTime":"2021-12-16T15:05:11.2143381+00:00","EndTime":"2021-12-16T15:05:11.2172289+00:00","Properties":[]},{"TestCase":{"Id":"99cab375-055f-2ef8-b232-ecb839b2ee70","FullyQualifiedName":"Dictionary.Tests.MyDictionatyTests.Index_SettingByIndex_SetElem","DisplayName":"Index_SettingByIndex_SetElem","ExecutorUri":"executor://NUnit3TestExecutor","Source":"C:\\Users\\Paul\\Desktop\\.NET\\Labs\\Dictionary\\Dictionary.Tests\\bin\\Debug\\net5.0\\fine-code-coverage\\build-output\\Dictionary.Tests.dll","CodeFilePath":null,"LineNumber":0,"Properties":[]},"Attachments":[],"Outcome":1,"ErrorMessage":null,"ErrorStackTrace":null,"DisplayName":"Index_SettingByIndex_SetElem","Messages":[],"ComputerName":"DESKTOP-40R6GFN","Duration":"00:00:00.0002940","StartTime":"2021-12-16T15:05:11.2172563+00:00","EndTime":"2021-12-16T15:05:11.2175501+00:00","Properties":[]},{"TestCase":{"Id":"882a8fb9-00f3-6228-9a20-5ecefca8dfe9","FullyQualifiedName":"Dictionary.Tests.MyDictionatyTests.Keys_TakeKeys_KeysInDict","DisplayName":"Keys_TakeKeys_KeysInDict","ExecutorUri":"executor://NUnit3TestExecutor","Source":"C:\\Users\\Paul\\Desktop\\.NET\\Labs\\Dictionary\\Dictionary.Tests\\bin\\Debug\\net5.0\\fine-code-coverage\\build-output\\Dictionary.Tests.dll","CodeFilePath":null,"LineNumber":0,"Properties":[]},"Attachments":[],"Outcome":1,"ErrorMessage":null,"ErrorStackTrace":null,"DisplayName":"Keys_TakeKeys_KeysInDict","Messages":[],"ComputerName":"DESKTOP-40R6GFN","Duration":"00:00:00.0527050","StartTime":"2021-12-16T15:05:11.2175628+00:00","EndTime":"2021-12-16T15:05:11.2702655+00:00","Properties":[]},{"TestCase":{"Id":"85b55e79-eb24-aea8-30db-bc5d20e388cd","FullyQualifiedName":"Dictionary.Tests.MyDictionatyTests.RemoveItem_RemovingEmptyItem_NotRemoveElem","DisplayName":"RemoveItem_RemovingEmptyItem_NotRemoveElem","ExecutorUri":"executor://NUnit3TestExecutor","Source":"C:\\Users\\Paul\\Desktop\\.NET\\Labs\\Dictionary\\Dictionary.Tests\\bin\\Debug\\net5.0\\fine-code-coverage\\build-output\\Dictionary.Tests.dll","CodeFilePath":null,"LineNumber":0,"Properties":[]},"Attachments":[],"Outcome":1,"ErrorMessage":null,"ErrorStackTrace":null,"DisplayName":"RemoveItem_RemovingEmptyItem_NotRemoveElem","Messages":[],"ComputerName":"DESKTOP-40R6GFN","Duration":"00:00:00.0006870","StartTime":"2021-12-16T15:05:11.2703373+00:00","EndTime":"2021-12-16T15:05:11.2710243+00:00","Properties":[]},{"TestCase":{"Id":"c3236fc0-d533-e816-40da-a1eb1dae1af4","FullyQualifiedName":"Dictionary.Tests.MyDictionatyTests.RemoveItem_RemovingNotEmptyItem_RemoveElem","DisplayName":"RemoveItem_RemovingNotEmptyItem_RemoveElem","ExecutorUri":"executor://NUnit3TestExecutor","Source":"C:\\Users\\Paul\\Desktop\\.NET\\Labs\\Dictionary\\Dictionary.Tests\\bin\\Debug\\net5.0\\fine-code-coverage\\build-output\\Dictionary.Tests.dll","CodeFilePath":null,"LineNumber":0,"Properties":[]},"Attachments":[],"Outcome":1,"ErrorMessage":null,"ErrorStackTrace":null,"DisplayName":"RemoveItem_RemovingNotEmptyItem_RemoveElem","Messages":[],"ComputerName":"DESKTOP-40R6GFN","Duration":"00:00:00.0010320","StartTime":"2021-12-16T15:05:11.2710455+00:00","EndTime":"2021-12-16T15:05:11.2720765+00:00","Properties":[]},{"TestCase":{"Id":"28ec3c32-2059-eacf-fb3d-8a03256fdc4c","FullyQualifiedName":"Dictionary.Tests.MyDictionatyTests.RemoveKey_RemovingEmptyItem_NotRemoveElem","DisplayName":"RemoveKey_RemovingEmptyItem_NotRemoveElem","ExecutorUri":"executor://NUnit3TestExecutor","Source":"C:\\Users\\Paul\\Desktop\\.NET\\Labs\\Dictionary\\Dictionary.Tests\\bin\\Debug\\net5.0\\fine-code-coverage\\build-output\\Dictionary.Tests.dll","CodeFilePath":null,"LineNumber":0,"Properties":[]},"Attachments":[],"Outcome":1,"ErrorMessage":null,"ErrorStackTrace":null,"DisplayName":"RemoveKey_RemovingEmptyItem_NotRemoveElem","Messages":[],"ComputerName":"DESKTOP-40R6GFN","Duration":"00:00:00.0002310","StartTime":"2021-12-16T15:05:11.2720956+00:00","EndTime":"2021-12-16T15:05:11.2723261+00:00","Properties":[]},{"TestCase":{"Id":"98714310-af4d-8c49-0e64-1276e0e9d391","FullyQualifiedName":"Dictionary.Tests.MyDictionatyTests.RemoveKey_RemovingNotEmptyItem_RemoveElem","DisplayName":"RemoveKey_RemovingNotEmptyItem_RemoveElem","ExecutorUri":"executor://NUnit3TestExecutor","Source":"C:\\Users\\Paul\\Desktop\\.NET\\Labs\\Dictionary\\Dictionary.Tests\\bin\\Debug\\net5.0\\fine-code-coverage\\build-output\\Dictionary.Tests.dll","CodeFilePath":null,"LineNumber":0,"Properties":[]},"Attachments":[],"Outcome":1,"ErrorMessage":null,"ErrorStackTrace":null,"DisplayName":"RemoveKey_RemovingNotEmptyItem_RemoveElem","Messages":[],"ComputerName":"DESKTOP-40R6GFN","Duration":"00:00:00.0002130","StartTime":"2021-12-16T15:05:11.2723391+00:00","EndTime":"2021-12-16T15:05:11.2725524+00:00","Properties":[]},{"TestCase":{"Id":"68170ee2-757b-ae8c-1c0a-65276b32ed75","FullyQualifiedName":"Dictionary.Tests.MyDictionatyTests.RemoveKey_TestExeptionContainsKey_ArgumentNullException","DisplayName":"RemoveKey_TestExeptionContainsKey_ArgumentNullException","ExecutorUri":"executor://NUnit3TestExecutor","Source":"C:\\Users\\Paul\\Desktop\\.NET\\Labs\\Dictionary\\Dictionary.Tests\\bin\\Debug\\net5.0\\fine-code-coverage\\build-output\\Dictionary.Tests.dll","CodeFilePath":null,"LineNumber":0,"Properties":[]},"Attachments":[],"Outcome":1,"ErrorMessage":null,"ErrorStackTrace":null,"DisplayName":"RemoveKey_TestExeptionContainsKey_ArgumentNullException","Messages":[],"ComputerName":"DESKTOP-40R6GFN","Duration":"00:00:00.0008630","StartTime":"2021-12-16T15:05:11.2725641+00:00","EndTime":"2021-12-16T15:05:11.2734263+00:00","Properties":[]},{"TestCase":{"Id":"79c2b18f-02f3-a89b-283e-46a65032a854","FullyQualifiedName":"Dictionary.Tests.MyDictionatyTests.RemoveKey_TestExeptionIsReadOnly_NotSupportedException","DisplayName":"RemoveKey_TestExeptionIsReadOnly_NotSupportedException","ExecutorUri":"executor://NUnit3TestExecutor","Source":"C:\\Users\\Paul\\Desktop\\.NET\\Labs\\Dictionary\\Dictionary.Tests\\bin\\Debug\\net5.0\\fine-code-coverage\\build-output\\Dictionary.Tests.dll","CodeFilePath":null,"LineNumber":0,"Properties":[]},"Attachments":[],"Outcome":1,"ErrorMessage":null,"ErrorStackTrace":null,"DisplayName":"RemoveKey_TestExeptionIsReadOnly_NotSupportedException","Messages":[],"ComputerName":"DESKTOP-40R6GFN","Duration":"00:00:00.0004540","StartTime":"2021-12-16T15:05:11.2734395+00:00","EndTime":"2021-12-16T15:05:11.2738929+00:00","Properties":[]}],"TestRunStatistics":{"ExecutedTests":36,"Stats":{"Passed":36}},"ActiveTests":[{"Id":"cb731d78-0a3e-1331-655a-b1e40cc488e5","FullyQualifiedName":"Dictionary.Tests.MyDictionatyTests.Search_SearchElementByKey_ElementMiss","DisplayName":"Search_SearchElementByKey_ElementMiss","ExecutorUri":"executor://NUnit3TestExecutor","Source":"C:\\Users\\Paul\\Desktop\\.NET\\Labs\\Dictionary\\Dictionary.Tests\\bin\\Debug\\net5.0\\fine-code-coverage\\build-output\\Dictionary.Tests.dll","CodeFilePath":null,"LineNumber":0,"Properties":[]}]}}
TpTrace Verbose: 0 : 3900, 4, 2021/12/16, 17:05:11.360, 4468878669094, vstest.console.dll, TestRunRequest:SendTestRunStatsChange: Starting.
TpTrace Verbose: 0 : 3900, 4, 2021/12/16, 17:05:11.360, 4468878670067, vstest.console.dll, InProgress is Search_SearchElementByKey_ElementMiss
TpTrace Information: 0 : 3900, 4, 2021/12/16, 17:05:11.361, 4468878670800, vstest.console.dll, TestRunRequest:SendTestRunStatsChange: Completed.
TpTrace Verbose: 0 : 3900, 4, 2021/12/16, 17:05:11.361, 4468878671229, vstest.console.dll, TcpClientExtensions.MessageLoopAsync: Polling on remoteEndPoint: 127.0.0.1:1083 localEndPoint: 127.0.0.1:1082
TpTrace Verbose: 0 : 3900, 4, 2021/12/16, 17:05:11.373, 4468878796695, vstest.console.dll, TcpClientExtensions.MessageLoopAsync: NotifyDataAvailable remoteEndPoint: 127.0.0.1:1083 localEndPoint: 127.0.0.1:1082
TpTrace Verbose: 0 : 3900, 4, 2021/12/16, 17:05:11.373, 4468878797807, vstest.console.dll, TestRequestSender.OnExecutionMessageReceived: Received message: {"Version":5,"MessageType":"TestSession.Message","Payload":{"MessageLevel":0,"Message":"NUnit Adapter 3.17.0.0: Test execution complete"}}
TpTrace Verbose: 0 : 3900, 4, 2021/12/16, 17:05:11.373, 4468878799467, vstest.console.dll, TestRunRequest:SendTestRunMessage: Starting.
TpTrace Information: 0 : 3900, 4, 2021/12/16, 17:05:11.373, 4468878800057, vstest.console.dll, TestRunRequest:SendTestRunMessage: Completed.
TpTrace Verbose: 0 : 3900, 4, 2021/12/16, 17:05:11.373, 4468878800423, vstest.console.dll, TcpClientExtensions.MessageLoopAsync: Polling on remoteEndPoint: 127.0.0.1:1083 localEndPoint: 127.0.0.1:1082
TpTrace Verbose: 0 : 3900, 4, 2021/12/16, 17:05:11.391, 4468878977408, vstest.console.dll, TcpClientExtensions.MessageLoopAsync: NotifyDataAvailable remoteEndPoint: 127.0.0.1:1083 localEndPoint: 127.0.0.1:1082
TpTrace Verbose: 0 : 3900, 4, 2021/12/16, 17:05:11.391, 4468878979449, vstest.console.dll, TestRequestSender.OnExecutionMessageReceived: Received message: {"Version":5,"MessageType":"TestExecution.Completed","Payload":{"TestRunCompleteArgs":{"TestRunStatistics":{"ExecutedTests":42,"Stats":{"Passed":42}},"IsCanceled":false,"IsAborted":false,"Error":null,"AttachmentSets":[],"ElapsedTimeInRunningTests":"00:00:00.5991002","Metrics":{}},"LastRunTests":{"NewTestResults":[{"TestCase":{"Id":"cb731d78-0a3e-1331-655a-b1e40cc488e5","FullyQualifiedName":"Dictionary.Tests.MyDictionatyTests.Search_SearchElementByKey_ElementMiss","DisplayName":"Search_SearchElementByKey_ElementMiss","ExecutorUri":"executor://NUnit3TestExecutor","Source":"C:\\Users\\Paul\\Desktop\\.NET\\Labs\\Dictionary\\Dictionary.Tests\\bin\\Debug\\net5.0\\fine-code-coverage\\build-output\\Dictionary.Tests.dll","CodeFilePath":null,"LineNumber":0,"Properties":[]},"Attachments":[],"Outcome":1,"ErrorMessage":null,"ErrorStackTrace":null,"DisplayName":"Search_SearchElementByKey_ElementMiss","Messages":[],"ComputerName":"DESKTOP-40R6GFN","Duration":"00:00:00.0002180","StartTime":"2021-12-16T15:05:11.2739067+00:00","EndTime":"2021-12-16T15:05:11.2741238+00:00","Properties":[]},{"TestCase":{"Id":"35728fe0-bf01-dd7a-855e-c53bfcd6e9a7","FullyQualifiedName":"Dictionary.Tests.MyDictionatyTests.Search_SearchElementByKey_SuccessfulSearch","DisplayName":"Search_SearchElementByKey_SuccessfulSearch","ExecutorUri":"executor://NUnit3TestExecutor","Source":"C:\\Users\\Paul\\Desktop\\.NET\\Labs\\Dictionary\\Dictionary.Tests\\bin\\Debug\\net5.0\\fine-code-coverage\\build-output\\Dictionary.Tests.dll","CodeFilePath":null,"LineNumber":0,"Properties":[]},"Attachments":[],"Outcome":1,"ErrorMessage":null,"ErrorStackTrace":null,"DisplayName":"Search_SearchElementByKey_SuccessfulSearch","Messages":[],"ComputerName":"DESKTOP-40R6GFN","Duration":"00:00:00.0003700","StartTime":"2021-12-16T15:05:11.2741357+00:00","EndTime":"2021-12-16T15:05:11.2745052+00:00","Properties":[]},{"TestCase":{"Id":"de396115-ad6e-0e71-28a1-21fdbf913437","FullyQualifiedName":"Dictionary.Tests.MyDictionatyTests.TryGetValue_GetValueByKey_ReturnVal","DisplayName":"TryGetValue_GetValueByKey_ReturnVal","ExecutorUri":"executor://NUnit3TestExecutor","Source":"C:\\Users\\Paul\\Desktop\\.NET\\Labs\\Dictionary\\Dictionary.Tests\\bin\\Debug\\net5.0\\fine-code-coverage\\build-output\\Dictionary.Tests.dll","CodeFilePath":null,"LineNumber":0,"Properties":[]},"Attachments":[],"Outcome":1,"ErrorMessage":null,"ErrorStackTrace":null,"DisplayName":"TryGetValue_GetValueByKey_ReturnVal","Messages":[],"ComputerName":"DESKTOP-40R6GFN","Duration":"00:00:00.0008140","StartTime":"2021-12-16T15:05:11.2745318+00:00","EndTime":"2021-12-16T15:05:11.2753453+00:00","Properties":[]},{"TestCase":{"Id":"87409b94-35b0-9e4e-7e5f-9a6aa947bbb4","FullyQualifiedName":"Dictionary.Tests.MyDictionatyTests.TryGetValue_KeysIsNotContains_ReturnFalse","DisplayName":"TryGetValue_KeysIsNotContains_ReturnFalse","ExecutorUri":"executor://NUnit3TestExecutor","Source":"C:\\Users\\Paul\\Desktop\\.NET\\Labs\\Dictionary\\Dictionary.Tests\\bin\\Debug\\net5.0\\fine-code-coverage\\build-output\\Dictionary.Tests.dll","CodeFilePath":null,"LineNumber":0,"Properties":[]},"Attachments":[],"Outcome":1,"ErrorMessage":null,"ErrorStackTrace":null,"DisplayName":"TryGetValue_KeysIsNotContains_ReturnFalse","Messages":[],"ComputerName":"DESKTOP-40R6GFN","Duration":"00:00:00.0001710","StartTime":"2021-12-16T15:05:11.2753591+00:00","EndTime":"2021-12-16T15:05:11.2755299+00:00","Properties":[]},{"TestCase":{"Id":"e98e3b61-2f2d-b54f-4234-b84b5615d75d","FullyQualifiedName":"Dictionary.Tests.MyDictionatyTests.TryGetValue_TestExeption_ArgumentNullException","DisplayName":"TryGetValue_TestExeption_ArgumentNullException","ExecutorUri":"executor://NUnit3TestExecutor","Source":"C:\\Users\\Paul\\Desktop\\.NET\\Labs\\Dictionary\\Dictionary.Tests\\bin\\Debug\\net5.0\\fine-code-coverage\\build-output\\Dictionary.Tests.dll","CodeFilePath":null,"LineNumber":0,"Properties":[]},"Attachments":[],"Outcome":1,"ErrorMessage":null,"ErrorStackTrace":null,"DisplayName":"TryGetValue_TestExeption_ArgumentNullException","Messages":[],"ComputerName":"DESKTOP-40R6GFN","Duration":"00:00:00.0032680","StartTime":"2021-12-16T15:05:11.2755419+00:00","EndTime":"2021-12-16T15:05:11.2788095+00:00","Properties":[]},{"TestCase":{"Id":"edf43ab7-37d5-d1b7-74f2-7c36546c5afb","FullyQualifiedName":"Dictionary.Tests.MyDictionatyTests.Values_TakeValues_ValuesInDict","DisplayName":"Values_TakeValues_ValuesInDict","ExecutorUri":"executor://NUnit3TestExecutor","Source":"C:\\Users\\Paul\\Desktop\\.NET\\Labs\\Dictionary\\Dictionary.Tests\\bin\\Debug\\net5.0\\fine-code-coverage\\build-output\\Dictionary.Tests.dll","CodeFilePath":null,"LineNumber":0,"Properties":[]},"Attachments":[],"Outcome":1,"ErrorMessage":null,"ErrorStackTrace":null,"DisplayName":"Values_TakeValues_ValuesInDict","Messages":[],"ComputerName":"DESKTOP-40R6GFN","Duration":"00:00:00.0125430","StartTime":"2021-12-16T15:05:11.2788249+00:00","EndTime":"2021-12-16T15:05:11.2913673+00:00","Properties":[]}],"TestRunStatistics":{"ExecutedTests":42,"Stats":{"Passed":42}},"ActiveTests":[]},"RunAttachments":[],"ExecutorUris":["executor://nunit3testexecutor/"]}}
TpTrace Verbose: 0 : 3900, 4, 2021/12/16, 17:05:11.392, 4468878983622, vstest.console.dll, TestRequestSender.EndSession: Sending end session.
TpTrace Verbose: 0 : 3900, 4, 2021/12/16, 17:05:11.392, 4468878984846, vstest.console.dll, ProxyOperationManager.Close: waiting for test host to exit for 100 ms
TpTrace Warning: 0 : 3900, 12, 2021/12/16, 17:05:11.415, 4468879210489, vstest.console.dll, TestHostManagerCallbacks.ErrorReceivedCallback Test host standard error line: 
TpTrace Verbose: 0 : 3900, 7, 2021/12/16, 17:05:11.423, 4468879293850, vstest.console.dll, TestHostProvider.ExitCallBack: Host exited starting callback.
TpTrace Information: 0 : 3900, 7, 2021/12/16, 17:05:11.423, 4468879298902, vstest.console.dll, TestHostManagerCallbacks.ExitCallBack: Testhost processId: 22472 exited with exitcode: 0 error: ''
TpTrace Verbose: 0 : 3900, 7, 2021/12/16, 17:05:11.423, 4468879299504, vstest.console.dll, DotnetTestHostManager.OnHostExited: invoking OnHostExited callback
TpTrace Verbose: 0 : 3900, 7, 2021/12/16, 17:05:11.423, 4468879300065, vstest.console.dll, CrossPlatEngine.TestHostManagerHostExited: calling on client process exit callback.
TpTrace Information: 0 : 3900, 7, 2021/12/16, 17:05:11.424, 4468879300631, vstest.console.dll, TestRequestSender.OnClientProcessExit: Test host process exited. Standard error: 
TpTrace Warning: 0 : 3900, 4, 2021/12/16, 17:05:11.424, 4468879301060, vstest.console.dll, ProxyOperationManager: Timed out waiting for test host to exit. Will terminate process.
TpTrace Information: 0 : 3900, 7, 2021/12/16, 17:05:11.424, 4468879301158, vstest.console.dll, SocketServer.Stop: Stop server endPoint: 127.0.0.1:1082
TpTrace Information: 0 : 3900, 7, 2021/12/16, 17:05:11.424, 4468879302334, vstest.console.dll, SocketServer.Stop: Cancellation requested. Stopping message loop.
TpTrace Verbose: 0 : 3900, 4, 2021/12/16, 17:05:11.425, 4468879311563, vstest.console.dll, ProxyDataCollectionManager.InvokeDataCollectionServiceAction: Starting.
TpTrace Information: 0 : 3900, 4, 2021/12/16, 17:05:11.425, 4468879312441, vstest.console.dll, ProxyDataCollectionManager.AfterTestRunEnd: Get attachment set for datacollector processId: 19940 port: 1078
TpTrace Verbose: 0 : 3900, 4, 2021/12/16, 17:05:11.425, 4468879313273, vstest.console.dll, DataCollectionRequestSender.SendAfterTestRunStartAndGetResult : Send AfterTestRunEnd message with isCancelled: False
TpTrace Verbose: 0 : 3900, 4, 2021/12/16, 17:05:11.430, 4468879361641, vstest.console.dll, DataCollectionRequestSender.SendAfterTestRunStartAndGetResult : Received message: (DataCollection.AfterTestRunEndResult) -> {
  "AttachmentSets": [],
  "Metrics": {}
}
TpTrace Information: 0 : 3900, 4, 2021/12/16, 17:05:11.432, 4468879385554, vstest.console.dll, ProxyDataCollectionManager.InvokeDataCollectionServiceAction: Completed.
TpTrace Warning: 0 : 3900, 9, 2021/12/16, 17:05:11.434, 4468879405252, vstest.console.dll, DataCollectionLauncher.ErrorReceivedCallback datacollector standard error line: 
TpTrace Information: 0 : 3900, 7, 2021/12/16, 17:05:11.440, 4468879467966, vstest.console.dll, DataCollectionLauncher.ExitCallBack: Data collector exited with exitcode: 0 error: ''
TpTrace Verbose: 0 : 3900, 4, 2021/12/16, 17:05:11.459, 4468879653879, vstest.console.dll, TestRunRequest:SendTestRunStatsChange: Starting.
TpTrace Information: 0 : 3900, 4, 2021/12/16, 17:05:11.459, 4468879655108, vstest.console.dll, TestRunRequest:SendTestRunStatsChange: Completed.
TpTrace Verbose: 0 : 3900, 4, 2021/12/16, 17:05:11.459, 4468879656897, vstest.console.dll, ParallelProxyExecutionManager: HandlePartialRunComplete: Total completed clients = 1, Run complete = True, Run canceled: False.
TpTrace Verbose: 0 : 3900, 4, 2021/12/16, 17:05:11.490, 4468879962009, vstest.console.dll, TestRunRequest:TestRunComplete: Starting. IsAborted:False IsCanceled:False.
TpTrace Verbose: 0 : 3900, 4, 2021/12/16, 17:05:11.490, 4468879965570, vstest.console.dll, TestLoggerManager.HandleTestRunComplete: Ignoring as the object is disposed.
TpTrace Information: 0 : 3900, 4, 2021/12/16, 17:05:11.490, 4468879969858, vstest.console.dll, TestRunRequest:TestRunComplete: Completed.
TpTrace Verbose: 0 : 3900, 1, 2021/12/16, 17:05:11.490, 4468879970232, vstest.console.dll, TestRunRequest.Dispose: Starting.
TpTrace Verbose: 0 : 3900, 4, 2021/12/16, 17:05:11.491, 4468879970788, vstest.console.dll, TestRequestSender.SetOperationComplete: Setting operation complete.
TpTrace Information: 0 : 3900, 1, 2021/12/16, 17:05:11.491, 4468879971890, vstest.console.dll, TestRunRequest.Dispose: Completed.
TpTrace Information: 0 : 3900, 4, 2021/12/16, 17:05:11.491, 4468879972551, vstest.console.dll, SocketServer.Stop: Stop server endPoint: 127.0.0.1:1082
TpTrace Information: 0 : 3900, 1, 2021/12/16, 17:05:11.491, 4468879973544, vstest.console.dll, TestRequestManager.RunTests: run tests completed.
TpTrace Information: 0 : 3900, 4, 2021/12/16, 17:05:11.491, 4468879973924, vstest.console.dll, SocketServer.Stop: Cancellation requested. Stopping message loop.
TpTrace Information: 0 : 3900, 4, 2021/12/16, 17:05:11.491, 4468879976043, vstest.console.dll, SocketServer.PrivateStop: Stop server endPoint: 127.0.0.1:1082 error: 
TpTrace Information: 0 : 3900, 1, 2021/12/16, 17:05:11.491, 4468879976115, vstest.console.dll, RunTestsArgumentProcessor:Execute: Test run is completed.
TpTrace Verbose: 0 : 3900, 1, 2021/12/16, 17:05:11.491, 4468879979700, vstest.console.dll, Executor.Execute: Exiting with exit code of 0
TpTrace Verbose: 0 : 3900, 4, 2021/12/16, 17:05:11.492, 4468879984176, vstest.console.dll, LengthPrefixCommunicationChannel.Dispose: Dispose reader and writer.
TpTrace Information: 0 : 3900, 4, 2021/12/16, 17:05:11.492, 4468879985364, vstest.console.dll, SocketServer.Stop: Raise disconnected event endPoint: 127.0.0.1:1082 error: 
TpTrace Verbose: 0 : 3900, 4, 2021/12/16, 17:05:11.492, 4468879986391, vstest.console.dll, TestRequestSender: OnTestRunAbort: Operation is already complete. Skip error message.
